New log file opened at Mon Oct 03 00:57:57 EEST 2016 by 1282@Crimson-MacBook.local
jvm 1282@Crimson-MacBook.local
jvm vmName=Java HotSpot(TM) 64-Bit Server VM vmVendor=Oracle Corporation vmVersion=25.91-b14
jvm specName=Java Virtual Machine Specification specVendor=Oracle Corporation specVersion=1.8
jvm arguments: [-Xms256m, -Xmx1024m, -XX:MetaspaceSize=64m, -XX:MaxMetaspaceSize=256m]
Starting event engine
Starting sbt command engine
Command engine arguments=List()
Command engine baseDirectory=/Users/crimson/IdeaProjects/gurps_combat_helper_online/src/scala-backend
Waiting for sbt command engine
Command engine initial remaining commands List(--initialize, onFailure load-failed, boot, server-send-ready-for-request, server-handle-next-server-request)
> --initialize
> initialize
> onFailure load-failed
> boot
> reload
[Loading] Scanning directory /Users/crimson/IdeaProjects/gurps_combat_helper_online/src/scala-backend/project
[Loading] Found non-root projects 
[Loading] Done in /Users/crimson/IdeaProjects/gurps_combat_helper_online/src/scala-backend/project, returning: ()
deducing auto plugins based on known facts Set(Atom(sbt.plugins.CorePlugin)) and clauses Clauses(List(Clause(Atom(sbt.plugins.JvmPlugin),Set(Atom(sbt.plugins.IvyPlugin))), Clause(Atom(sbt.plugins.JUnitXmlReportPlugin),Set(Atom(sbt.plugins.JvmPlugin))), Clause(Atom(sbt.plugins.CorePlugin),Set(Atom(sbt.plugins.IvyPlugin))), Clause(Atom(sbt.plugins.IvyPlugin),Set(Atom(sbt.plugins.JvmPlugin))), Clause(Atom(sbt.plugins.JvmPlugin),Set(Atom(sbt.plugins.JUnitXmlReportPlugin)))))
  :: deduced result: Matched(sbt.plugins.CorePlugin,sbt.plugins.IvyPlugin,sbt.plugins.JvmPlugin,sbt.plugins.JUnitXmlReportPlugin)
sorting: ns: List(sbt.plugins.CorePlugin, sbt.plugins.IvyPlugin, sbt.plugins.JvmPlugin, sbt.plugins.JUnitXmlReportPlugin)
  :: sorting:: found: List(sbt.plugins.CorePlugin) not found List(sbt.plugins.IvyPlugin, sbt.plugins.JvmPlugin, sbt.plugins.JUnitXmlReportPlugin)
  :: sorting:: found: List(sbt.plugins.CorePlugin, sbt.plugins.IvyPlugin) not found List(sbt.plugins.JvmPlugin, sbt.plugins.JUnitXmlReportPlugin)
  :: sorting:: found: List(sbt.plugins.CorePlugin, sbt.plugins.IvyPlugin, sbt.plugins.JvmPlugin) not found List(sbt.plugins.JUnitXmlReportPlugin)
  :: sorting:: found: List(sbt.plugins.CorePlugin, sbt.plugins.IvyPlugin, sbt.plugins.JvmPlugin, sbt.plugins.JUnitXmlReportPlugin) not found List()
  :: sorted deduced result: List(sbt.plugins.CorePlugin, sbt.plugins.IvyPlugin, sbt.plugins.JvmPlugin, sbt.plugins.JUnitXmlReportPlugin)
[Loading] Done in /Users/crimson/IdeaProjects/gurps_combat_helper_online/src/scala-backend/project, returning: (scala-backend-build)
Loading project definition from /Users/crimson/IdeaProjects/gurps_combat_helper_online/src/scala-backend/project
Running task... Cancel: sbt.TaskCancellationStrategy$Null$@32bec582, check cycles: false

Initial source changes: 
	removed:Set()
	added: Set()
	modified: Set()
Removed products: Set()
External API changes: API Changes: Set()
Modified binary dependencies: Set()
Initial directly invalidated sources: Set()

Sources indirectly invalidated by:
	product: Set()
	binary dep: Set()
	external source: Set()
All initially invalidated sources: Set()

Copy resource mappings: 
	
[Loading] Scanning directory /Users/crimson/IdeaProjects/gurps_combat_helper_online/src/scala-backend
[Loading] Found root project ggmtools w/ remaining 
deducing auto plugins based on known facts Set(Atom(play.sbt.PlayScala), Atom(sbt.plugins.CorePlugin)) and clauses Clauses(List(Clause(Atom(sbt.plugins.JvmPlugin),Set(Atom(sbt.plugins.IvyPlugin))), Clause(Atom(sbt.plugins.JUnitXmlReportPlugin),Set(Atom(sbt.plugins.JvmPlugin))), Clause(Atom(play.sbt.forkrun.PlayForkRun),Set(Atom(sbt.plugins.BackgroundRunPlugin))), Clause(Atom(play.sbt.forkrun.PlayForkRun),Set(Atom(play.sbt.Play))), Clause(Atom(play.sbt.forkrun.PlayForkRun),Set(Atom(sbt.plugins.SerializersPlugin))), Clause(Atom(play.sbt.Play),Set(Atom(com.typesafe.sbt.packager.archetypes.JavaServerAppPackaging))), Clause(Atom(play.sbt.Play),Set(Atom(play.sbt.routes.RoutesCompiler))), Clause(Atom(play.sbt.Play),Set(Atom(play.twirl.sbt.SbtTwirl))), Clause(Atom(play.sbt.Play),Set(Atom(com.typesafe.sbt.jse.SbtJsTask))), Clause(Atom(play.sbt.PlayAkkaHttpServer),Set(Atom(play.sbt.Play))), Clause(Atom(play.sbt.PlayJava),Set(Atom(play.sbt.Play))), Clause(Atom(play.sbt.PlayLayoutPlugin),Set(Atom(play.sbt.Play))), Clause(Atom(play.sbt.PlayLogback),Set(Atom(play.sbt.Play))), Clause(Atom(play.sbt.PlayNettyServer),Set(Atom(play.sbt.Play))), Clause(Atom(play.sbt.PlayScala),Set(Atom(play.sbt.Play))), Clause(Atom(play.sbt.routes.RoutesCompiler),Set(Atom(sbt.plugins.JvmPlugin))), Clause(Atom(play.twirl.sbt.SbtTwirl),Set(Atom(sbt.plugins.JvmPlugin))), Clause(Atom(com.typesafe.sbt.packager.archetypes.AkkaAppPackaging),Set(Atom(com.typesafe.sbt.packager.archetypes.JavaAppPackaging))), Clause(Atom(com.typesafe.sbt.packager.archetypes.JavaAppPackaging),Set(Atom(com.typesafe.sbt.packager.windows.WindowsPlugin))), Clause(Atom(com.typesafe.sbt.packager.archetypes.JavaAppPackaging),Set(Atom(com.typesafe.sbt.packager.docker.DockerPlugin))), Clause(Atom(com.typesafe.sbt.packager.archetypes.JavaAppPackaging),Set(Atom(com.typesafe.sbt.packager.debian.DebianPlugin))), Clause(Atom(com.typesafe.sbt.packager.archetypes.JavaAppPackaging),Set(Atom(com.typesafe.sbt.packager.rpm.RpmPlugin))), Clause(Atom(com.typesafe.sbt.packager.archetypes.JavaServerAppPackaging),Set(Atom(com.typesafe.sbt.packager.archetypes.JavaAppPackaging))), Clause(Atom(com.typesafe.sbt.packager.archetypes.jar.ClasspathJarPlugin),Set(Atom(com.typesafe.sbt.packager.archetypes.JavaAppPackaging))), Clause(Atom(com.typesafe.sbt.packager.archetypes.jar.LauncherJarPlugin),Set(Atom(com.typesafe.sbt.packager.archetypes.JavaAppPackaging))), Clause(Atom(com.typesafe.sbt.packager.debian.DebianDeployPlugin),Set(Atom(com.typesafe.sbt.packager.debian.DebianPlugin))), Clause(Atom(com.typesafe.sbt.packager.debian.DebianPlugin),Set(Atom(com.typesafe.sbt.packager.linux.LinuxPlugin))), Clause(Atom(com.typesafe.sbt.packager.debian.JDebPackaging),Set(Atom(com.typesafe.sbt.packager.debian.DebianPlugin))), Clause(Atom(com.typesafe.sbt.packager.docker.DockerPlugin),Set(Atom(com.typesafe.sbt.packager.universal.UniversalPlugin))), Clause(Atom(com.typesafe.sbt.packager.jdkpackager.JDKPackagerDeployPlugin),Set(Atom(com.typesafe.sbt.packager.jdkpackager.JDKPackagerPlugin))), Clause(Atom(com.typesafe.sbt.packager.jdkpackager.JDKPackagerPlugin),Set(Atom(com.typesafe.sbt.packager.archetypes.JavaAppPackaging))), Clause(Atom(com.typesafe.sbt.packager.jdkpackager.JDKPackagerPlugin),Set(Atom(com.typesafe.sbt.packager.archetypes.jar.LauncherJarPlugin))), Clause(Atom(com.typesafe.sbt.packager.linux.LinuxPlugin),Set(Atom(com.typesafe.sbt.packager.universal.UniversalPlugin))), Clause(Atom(com.typesafe.sbt.packager.rpm.RpmDeployPlugin),Set(Atom(com.typesafe.sbt.packager.rpm.RpmPlugin))), Clause(Atom(com.typesafe.sbt.packager.rpm.RpmPlugin),Set(Atom(com.typesafe.sbt.packager.linux.LinuxPlugin))), Clause(Atom(com.typesafe.sbt.packager.universal.UniversalDeployPlugin),Set(Atom(com.typesafe.sbt.packager.universal.UniversalPlugin))), Clause(Atom(com.typesafe.sbt.packager.universal.UniversalPlugin),Set(Atom(com.typesafe.sbt.SbtNativePackager))), Clause(Atom(com.typesafe.sbt.packager.windows.WindowsDeployPlugin),Set(Atom(com.typesafe.sbt.packager.windows.WindowsPlugin))), Clause(Atom(com.typesafe.sbt.packager.windows.WindowsPlugin),Set(Atom(com.typesafe.sbt.packager.universal.UniversalPlugin))), Clause(Atom(com.typesafe.sbt.web.SbtWeb),Set(Atom(sbt.plugins.JvmPlugin))), Clause(Atom(com.typesafe.sbt.jse.SbtJsEngine),Set(Atom(com.typesafe.sbt.web.SbtWeb))), Clause(Atom(com.typesafe.sbt.jse.SbtJsTask),Set(Atom(com.typesafe.sbt.jse.SbtJsEngine))), Clause(Atom(sbt.plugins.BackgroundRunPlugin),Set(Atom(sbt.plugins.JvmPlugin))), Clause(Atom(sbt.plugins.CorePlugin),Set(Atom(sbt.plugins.IvyPlugin))), Clause(Atom(sbt.plugins.IvyPlugin),Set(Atom(sbt.plugins.JvmPlugin))), Clause(Atom(sbt.plugins.JvmPlugin),Set(Atom(sbt.plugins.JUnitXmlReportPlugin))), Clause(And(Set(Atom(sbt.plugins.BackgroundRunPlugin), Atom(play.sbt.Play), Atom(sbt.plugins.SerializersPlugin))),Set(Atom(play.sbt.forkrun.PlayForkRun))), Clause(Atom(play.sbt.Play),Set(Atom(play.sbt.PlayLayoutPlugin))), Clause(Atom(play.sbt.Play),Set(Atom(play.sbt.PlayLogback))), Clause(Atom(play.sbt.Play),Set(Atom(play.sbt.PlayNettyServer))), Clause(Atom(com.typesafe.sbt.web.SbtWeb),Set(Atom(com.typesafe.sbt.jse.SbtJsEngine))), Clause(Atom(com.typesafe.sbt.jse.SbtJsEngine),Set(Atom(com.typesafe.sbt.jse.SbtJsTask))), Clause(Atom(sbt.plugins.JvmPlugin),Set(Atom(sbt.plugins.BackgroundRunPlugin))), Clause(Atom(sbt.plugins.CorePlugin),Set(Atom(sbt.plugins.InteractionServicePlugin))), Clause(Atom(sbt.plugins.CorePlugin),Set(Atom(sbt.plugins.SendEventServicePlugin))), Clause(Atom(sbt.plugins.CorePlugin),Set(Atom(sbt.plugins.SerializersPlugin)))))
  :: deduced result: Matched(sbt.plugins.CorePlugin,play.sbt.PlayScala,sbt.plugins.InteractionServicePlugin,sbt.plugins.SendEventServicePlugin,play.sbt.Play,sbt.plugins.SerializersPlugin,sbt.plugins.IvyPlugin,com.typesafe.sbt.packager.archetypes.JavaServerAppPackaging,play.twirl.sbt.SbtTwirl,sbt.plugins.JvmPlugin,play.sbt.PlayNettyServer,play.sbt.PlayLayoutPlugin,play.sbt.routes.RoutesCompiler,play.sbt.PlayLogback,com.typesafe.sbt.jse.SbtJsTask,sbt.plugins.BackgroundRunPlugin,sbt.plugins.JUnitXmlReportPlugin,com.typesafe.sbt.jse.SbtJsEngine,com.typesafe.sbt.packager.archetypes.JavaAppPackaging,com.typesafe.sbt.packager.rpm.RpmPlugin,com.typesafe.sbt.packager.windows.WindowsPlugin,com.typesafe.sbt.web.SbtWeb,com.typesafe.sbt.packager.docker.DockerPlugin,play.sbt.forkrun.PlayForkRun,com.typesafe.sbt.packager.debian.DebianPlugin,com.typesafe.sbt.packager.universal.UniversalPlugin,com.typesafe.sbt.packager.linux.LinuxPlugin,com.typesafe.sbt.SbtNativePackager)
sorting: ns: List(sbt.plugins.CorePlugin, play.sbt.PlayScala, sbt.plugins.InteractionServicePlugin, sbt.plugins.SendEventServicePlugin, play.sbt.Play, sbt.plugins.SerializersPlugin, sbt.plugins.IvyPlugin, com.typesafe.sbt.packager.archetypes.JavaServerAppPackaging, play.twirl.sbt.SbtTwirl, sbt.plugins.JvmPlugin, play.sbt.PlayNettyServer, play.sbt.PlayLayoutPlugin, play.sbt.routes.RoutesCompiler, play.sbt.PlayLogback, com.typesafe.sbt.jse.SbtJsTask, sbt.plugins.BackgroundRunPlugin, sbt.plugins.JUnitXmlReportPlugin, com.typesafe.sbt.jse.SbtJsEngine, com.typesafe.sbt.packager.archetypes.JavaAppPackaging, com.typesafe.sbt.packager.rpm.RpmPlugin, com.typesafe.sbt.packager.windows.WindowsPlugin, com.typesafe.sbt.web.SbtWeb, com.typesafe.sbt.packager.docker.DockerPlugin, play.sbt.forkrun.PlayForkRun, com.typesafe.sbt.packager.debian.DebianPlugin, com.typesafe.sbt.packager.universal.UniversalPlugin, com.typesafe.sbt.packager.linux.LinuxPlugin, com.typesafe.sbt.SbtNativePackager)
  :: sorting:: found: List(sbt.plugins.CorePlugin, com.typesafe.sbt.SbtNativePackager) not found List(play.sbt.PlayScala, sbt.plugins.InteractionServicePlugin, sbt.plugins.SendEventServicePlugin, play.sbt.Play, sbt.plugins.SerializersPlugin, sbt.plugins.IvyPlugin, com.typesafe.sbt.packager.archetypes.JavaServerAppPackaging, play.twirl.sbt.SbtTwirl, sbt.plugins.JvmPlugin, play.sbt.PlayNettyServer, play.sbt.PlayLayoutPlugin, play.sbt.routes.RoutesCompiler, play.sbt.PlayLogback, com.typesafe.sbt.jse.SbtJsTask, sbt.plugins.BackgroundRunPlugin, sbt.plugins.JUnitXmlReportPlugin, com.typesafe.sbt.jse.SbtJsEngine, com.typesafe.sbt.packager.archetypes.JavaAppPackaging, com.typesafe.sbt.packager.rpm.RpmPlugin, com.typesafe.sbt.packager.windows.WindowsPlugin, com.typesafe.sbt.web.SbtWeb, com.typesafe.sbt.packager.docker.DockerPlugin, play.sbt.forkrun.PlayForkRun, com.typesafe.sbt.packager.debian.DebianPlugin, com.typesafe.sbt.packager.universal.UniversalPlugin, com.typesafe.sbt.packager.linux.LinuxPlugin)
  :: sorting:: found: List(sbt.plugins.CorePlugin, com.typesafe.sbt.SbtNativePackager, sbt.plugins.InteractionServicePlugin, sbt.plugins.SendEventServicePlugin, sbt.plugins.SerializersPlugin, sbt.plugins.IvyPlugin, com.typesafe.sbt.packager.universal.UniversalPlugin) not found List(play.sbt.PlayScala, play.sbt.Play, com.typesafe.sbt.packager.archetypes.JavaServerAppPackaging, play.twirl.sbt.SbtTwirl, sbt.plugins.JvmPlugin, play.sbt.PlayNettyServer, play.sbt.PlayLayoutPlugin, play.sbt.routes.RoutesCompiler, play.sbt.PlayLogback, com.typesafe.sbt.jse.SbtJsTask, sbt.plugins.BackgroundRunPlugin, sbt.plugins.JUnitXmlReportPlugin, com.typesafe.sbt.jse.SbtJsEngine, com.typesafe.sbt.packager.archetypes.JavaAppPackaging, com.typesafe.sbt.packager.rpm.RpmPlugin, com.typesafe.sbt.packager.windows.WindowsPlugin, com.typesafe.sbt.web.SbtWeb, com.typesafe.sbt.packager.docker.DockerPlugin, play.sbt.forkrun.PlayForkRun, com.typesafe.sbt.packager.debian.DebianPlugin, com.typesafe.sbt.packager.linux.LinuxPlugin)
  :: sorting:: found: List(sbt.plugins.CorePlugin, com.typesafe.sbt.SbtNativePackager, sbt.plugins.InteractionServicePlugin, sbt.plugins.SendEventServicePlugin, sbt.plugins.SerializersPlugin, sbt.plugins.IvyPlugin, com.typesafe.sbt.packager.universal.UniversalPlugin, sbt.plugins.JvmPlugin, com.typesafe.sbt.packager.windows.WindowsPlugin, com.typesafe.sbt.packager.docker.DockerPlugin, com.typesafe.sbt.packager.linux.LinuxPlugin) not found List(play.sbt.PlayScala, play.sbt.Play, com.typesafe.sbt.packager.archetypes.JavaServerAppPackaging, play.twirl.sbt.SbtTwirl, play.sbt.PlayNettyServer, play.sbt.PlayLayoutPlugin, play.sbt.routes.RoutesCompiler, play.sbt.PlayLogback, com.typesafe.sbt.jse.SbtJsTask, sbt.plugins.BackgroundRunPlugin, sbt.plugins.JUnitXmlReportPlugin, com.typesafe.sbt.jse.SbtJsEngine, com.typesafe.sbt.packager.archetypes.JavaAppPackaging, com.typesafe.sbt.packager.rpm.RpmPlugin, com.typesafe.sbt.web.SbtWeb, play.sbt.forkrun.PlayForkRun, com.typesafe.sbt.packager.debian.DebianPlugin)
  :: sorting:: found: List(sbt.plugins.CorePlugin, com.typesafe.sbt.SbtNativePackager, sbt.plugins.InteractionServicePlugin, sbt.plugins.SendEventServicePlugin, sbt.plugins.SerializersPlugin, sbt.plugins.IvyPlugin, com.typesafe.sbt.packager.universal.UniversalPlugin, sbt.plugins.JvmPlugin, com.typesafe.sbt.packager.windows.WindowsPlugin, com.typesafe.sbt.packager.docker.DockerPlugin, com.typesafe.sbt.packager.linux.LinuxPlugin, play.twirl.sbt.SbtTwirl, play.sbt.routes.RoutesCompiler, sbt.plugins.BackgroundRunPlugin, sbt.plugins.JUnitXmlReportPlugin, com.typesafe.sbt.packager.rpm.RpmPlugin, com.typesafe.sbt.web.SbtWeb, com.typesafe.sbt.packager.debian.DebianPlugin) not found List(play.sbt.PlayScala, play.sbt.Play, com.typesafe.sbt.packager.archetypes.JavaServerAppPackaging, play.sbt.PlayNettyServer, play.sbt.PlayLayoutPlugin, play.sbt.PlayLogback, com.typesafe.sbt.jse.SbtJsTask, com.typesafe.sbt.jse.SbtJsEngine, com.typesafe.sbt.packager.archetypes.JavaAppPackaging, play.sbt.forkrun.PlayForkRun)
  :: sorting:: found: List(sbt.plugins.CorePlugin, com.typesafe.sbt.SbtNativePackager, sbt.plugins.InteractionServicePlugin, sbt.plugins.SendEventServicePlugin, sbt.plugins.SerializersPlugin, sbt.plugins.IvyPlugin, com.typesafe.sbt.packager.universal.UniversalPlugin, sbt.plugins.JvmPlugin, com.typesafe.sbt.packager.windows.WindowsPlugin, com.typesafe.sbt.packager.docker.DockerPlugin, com.typesafe.sbt.packager.linux.LinuxPlugin, play.twirl.sbt.SbtTwirl, play.sbt.routes.RoutesCompiler, sbt.plugins.BackgroundRunPlugin, sbt.plugins.JUnitXmlReportPlugin, com.typesafe.sbt.packager.rpm.RpmPlugin, com.typesafe.sbt.web.SbtWeb, com.typesafe.sbt.packager.debian.DebianPlugin, com.typesafe.sbt.jse.SbtJsEngine, com.typesafe.sbt.packager.archetypes.JavaAppPackaging) not found List(play.sbt.PlayScala, play.sbt.Play, com.typesafe.sbt.packager.archetypes.JavaServerAppPackaging, play.sbt.PlayNettyServer, play.sbt.PlayLayoutPlugin, play.sbt.PlayLogback, com.typesafe.sbt.jse.SbtJsTask, play.sbt.forkrun.PlayForkRun)
  :: sorting:: found: List(sbt.plugins.CorePlugin, com.typesafe.sbt.SbtNativePackager, sbt.plugins.InteractionServicePlugin, sbt.plugins.SendEventServicePlugin, sbt.plugins.SerializersPlugin, sbt.plugins.IvyPlugin, com.typesafe.sbt.packager.universal.UniversalPlugin, sbt.plugins.JvmPlugin, com.typesafe.sbt.packager.windows.WindowsPlugin, com.typesafe.sbt.packager.docker.DockerPlugin, com.typesafe.sbt.packager.linux.LinuxPlugin, play.twirl.sbt.SbtTwirl, play.sbt.routes.RoutesCompiler, sbt.plugins.BackgroundRunPlugin, sbt.plugins.JUnitXmlReportPlugin, com.typesafe.sbt.packager.rpm.RpmPlugin, com.typesafe.sbt.web.SbtWeb, com.typesafe.sbt.packager.debian.DebianPlugin, com.typesafe.sbt.jse.SbtJsEngine, com.typesafe.sbt.packager.archetypes.JavaAppPackaging, com.typesafe.sbt.packager.archetypes.JavaServerAppPackaging, com.typesafe.sbt.jse.SbtJsTask) not found List(play.sbt.PlayScala, play.sbt.Play, play.sbt.PlayNettyServer, play.sbt.PlayLayoutPlugin, play.sbt.PlayLogback, play.sbt.forkrun.PlayForkRun)
  :: sorting:: found: List(sbt.plugins.CorePlugin, com.typesafe.sbt.SbtNativePackager, sbt.plugins.InteractionServicePlugin, sbt.plugins.SendEventServicePlugin, sbt.plugins.SerializersPlugin, sbt.plugins.IvyPlugin, com.typesafe.sbt.packager.universal.UniversalPlugin, sbt.plugins.JvmPlugin, com.typesafe.sbt.packager.windows.WindowsPlugin, com.typesafe.sbt.packager.docker.DockerPlugin, com.typesafe.sbt.packager.linux.LinuxPlugin, play.twirl.sbt.SbtTwirl, play.sbt.routes.RoutesCompiler, sbt.plugins.BackgroundRunPlugin, sbt.plugins.JUnitXmlReportPlugin, com.typesafe.sbt.packager.rpm.RpmPlugin, com.typesafe.sbt.web.SbtWeb, com.typesafe.sbt.packager.debian.DebianPlugin, com.typesafe.sbt.jse.SbtJsEngine, com.typesafe.sbt.packager.archetypes.JavaAppPackaging, com.typesafe.sbt.packager.archetypes.JavaServerAppPackaging, com.typesafe.sbt.jse.SbtJsTask, play.sbt.Play) not found List(play.sbt.PlayScala, play.sbt.PlayNettyServer, play.sbt.PlayLayoutPlugin, play.sbt.PlayLogback, play.sbt.forkrun.PlayForkRun)
  :: sorting:: found: List(sbt.plugins.CorePlugin, com.typesafe.sbt.SbtNativePackager, sbt.plugins.InteractionServicePlugin, sbt.plugins.SendEventServicePlugin, sbt.plugins.SerializersPlugin, sbt.plugins.IvyPlugin, com.typesafe.sbt.packager.universal.UniversalPlugin, sbt.plugins.JvmPlugin, com.typesafe.sbt.packager.windows.WindowsPlugin, com.typesafe.sbt.packager.docker.DockerPlugin, com.typesafe.sbt.packager.linux.LinuxPlugin, play.twirl.sbt.SbtTwirl, play.sbt.routes.RoutesCompiler, sbt.plugins.BackgroundRunPlugin, sbt.plugins.JUnitXmlReportPlugin, com.typesafe.sbt.packager.rpm.RpmPlugin, com.typesafe.sbt.web.SbtWeb, com.typesafe.sbt.packager.debian.DebianPlugin, com.typesafe.sbt.jse.SbtJsEngine, com.typesafe.sbt.packager.archetypes.JavaAppPackaging, com.typesafe.sbt.packager.archetypes.JavaServerAppPackaging, com.typesafe.sbt.jse.SbtJsTask, play.sbt.Play, play.sbt.PlayScala, play.sbt.PlayNettyServer, play.sbt.PlayLayoutPlugin, play.sbt.PlayLogback, play.sbt.forkrun.PlayForkRun) not found List()
  :: sorted deduced result: List(sbt.plugins.CorePlugin, com.typesafe.sbt.SbtNativePackager, sbt.plugins.InteractionServicePlugin, sbt.plugins.SendEventServicePlugin, sbt.plugins.SerializersPlugin, sbt.plugins.IvyPlugin, com.typesafe.sbt.packager.universal.UniversalPlugin, sbt.plugins.JvmPlugin, com.typesafe.sbt.packager.windows.WindowsPlugin, com.typesafe.sbt.packager.docker.DockerPlugin, com.typesafe.sbt.packager.linux.LinuxPlugin, play.twirl.sbt.SbtTwirl, play.sbt.routes.RoutesCompiler, sbt.plugins.BackgroundRunPlugin, sbt.plugins.JUnitXmlReportPlugin, com.typesafe.sbt.packager.rpm.RpmPlugin, com.typesafe.sbt.web.SbtWeb, com.typesafe.sbt.packager.debian.DebianPlugin, com.typesafe.sbt.jse.SbtJsEngine, com.typesafe.sbt.packager.archetypes.JavaAppPackaging, com.typesafe.sbt.packager.archetypes.JavaServerAppPackaging, com.typesafe.sbt.jse.SbtJsTask, play.sbt.Play, play.sbt.PlayScala, play.sbt.PlayNettyServer, play.sbt.PlayLayoutPlugin, play.sbt.PlayLogback, play.sbt.forkrun.PlayForkRun)
[Loading] Done in /Users/crimson/IdeaProjects/gurps_combat_helper_online/src/scala-backend, returning: (ggmtools)
Set current project to ggmtools (in build file:/Users/crimson/IdeaProjects/gurps_combat_helper_online/src/scala-backend/)
Reapplying settings...
Set current project to ggmtools (in build file:/Users/crimson/IdeaProjects/gurps_combat_helper_online/src/scala-backend/)
> iflast shell
> server-send-ready-for-request
> server-handle-next-server-request
> compile
Evaluating tasks: compile:compile
Running task... Cancel: sbt.server.ServerTaskCancellation@2dee059, check cycles: false

Initial source changes: 
	removed:Set()
	added: Set()
	modified: Set(/Users/crimson/IdeaProjects/gurps_combat_helper_online/src/scala-backend/app/models/Charlist.scala)
Removed products: Set()
External API changes: API Changes: Set()
Modified binary dependencies: Set()
Initial directly invalidated sources: Set(/Users/crimson/IdeaProjects/gurps_combat_helper_online/src/scala-backend/app/models/Charlist.scala)

Sources indirectly invalidated by:
	product: Set()
	binary dep: Set()
	external source: Set()
All initially invalidated sources: Set(/Users/crimson/IdeaProjects/gurps_combat_helper_online/src/scala-backend/app/models/Charlist.scala)

Read from stdout: Compiling 1 Scala source to /Users/crimson/IdeaProjects/gurps_combat_helper_online/src/scala-backend/target/scala-2.11/classes...
Compiling 1 Scala source to /Users/crimson/IdeaProjects/gurps_combat_helper_online/src/scala-backend/target/scala-2.11/classes...
Getting compiler-interface from component compiler for Scala 2.11.7
Other repositories:
Default repositories:
Getting compiler-interface from component compiler for Scala 2.11.7
Other repositories:
Default repositories:
Running cached compiler 134e7f25, interfacing (CompilerInterface) with Scala compiler version 2.11.7
Calling Scala compiler with arguments  (CompilerInterface):
	-deprecation
	-unchecked
	-encoding
	utf8
	-bootclasspath
	/Library/Java/JavaVirtualMachines/jdk1.8.0_91.jdk/Contents/Home/jre/lib/resources.jar:/Library/Java/JavaVirtualMachines/jdk1.8.0_91.jdk/Contents/Home/jre/lib/rt.jar:/Library/Java/JavaVirtualMachines/jdk1.8.0_91.jdk/Contents/Home/jre/lib/sunrsasign.jar:/Library/Java/JavaVirtualMachines/jdk1.8.0_91.jdk/Contents/Home/jre/lib/jsse.jar:/Library/Java/JavaVirtualMachines/jdk1.8.0_91.jdk/Contents/Home/jre/lib/jce.jar:/Library/Java/JavaVirtualMachines/jdk1.8.0_91.jdk/Contents/Home/jre/lib/charsets.jar:/Library/Java/JavaVirtualMachines/jdk1.8.0_91.jdk/Contents/Home/jre/lib/jfr.jar:/Library/Java/JavaVirtualMachines/jdk1.8.0_91.jdk/Contents/Home/jre/classes:/Users/crimson/.ivy2/cache/org.scala-lang/scala-library/jars/scala-library-2.11.7.jar
	-classpath
	/Users/crimson/IdeaProjects/gurps_combat_helper_online/src/scala-backend/target/scala-2.11/classes:/Users/crimson/.ivy2/cache/com.typesafe.play/twirl-api_2.11/jars/twirl-api_2.11-1.1.1.jar:/Users/crimson/.ivy2/cache/org.apache.commons/commons-lang3/jars/commons-lang3-3.4.jar:/Users/crimson/.ivy2/cache/org.scala-lang.modules/scala-xml_2.11/bundles/scala-xml_2.11-1.0.1.jar:/Users/crimson/Downloads/activator-dist-1.3.10/repository/com.typesafe.play/play-server_2.11/2.5.0/jars/play-server_2.11.jar:/Users/crimson/Downloads/activator-dist-1.3.10/repository/com.typesafe.play/play_2.11/2.5.0/jars/play_2.11.jar:/Users/crimson/Downloads/activator-dist-1.3.10/repository/com.typesafe.play/build-link/2.5.0/jars/build-link.jar:/Users/crimson/Downloads/activator-dist-1.3.10/repository/com.typesafe.play/play-exceptions/2.5.0/jars/play-exceptions.jar:/Users/crimson/Downloads/activator-dist-1.3.10/repository/com.typesafe.play/play-iteratees_2.11/2.5.0/jars/play-iteratees_2.11.jar:/Users/crimson/.ivy2/cache/org.scala-stm/scala-stm_2.11/jars/scala-stm_2.11-0.7.jar:/Users/crimson/.ivy2/cache/com.typesafe/config/bundles/config-1.3.0.jar:/Users/crimson/Downloads/activator-dist-1.3.10/repository/com.typesafe.play/play-json_2.11/2.5.0/jars/play-json_2.11.jar:/Users/crimson/Downloads/activator-dist-1.3.10/repository/com.typesafe.play/play-functional_2.11/2.5.0/jars/play-functional_2.11.jar:/Users/crimson/Downloads/activator-dist-1.3.10/repository/com.typesafe.play/play-datacommons_2.11/2.5.0/jars/play-datacommons_2.11.jar:/Users/crimson/Downloads/activator-dist-1.3.10/repository/joda-time/joda-time/2.9.2/jars/joda-time.jar:/Users/crimson/.ivy2/cache/org.joda/joda-convert/jars/joda-convert-1.8.1.jar:/Users/crimson/.ivy2/cache/org.scala-lang/scala-reflect/jars/scala-reflect-2.11.7.jar:/Users/crimson/Downloads/activator-dist-1.3.10/repository/com.fasterxml.jackson.core/jackson-core/2.7.1/bundles/jackson-core.jar:/Users/crimson/Downloads/activator-dist-1.3.10/repository/com.fasterxml.jackson.core/jackson-annotations/2.7.1/bundles/jackson-annotations.jar:/Users/crimson/Downloads/activator-dist-1.3.10/repository/com.fasterxml.jackson.core/jackson-databind/2.7.1/bundles/jackson-databind.jar:/Users/crimson/Downloads/activator-dist-1.3.10/repository/com.fasterxml.jackson.datatype/jackson-datatype-jdk8/2.7.1/bundles/jackson-datatype-jdk8.jar:/Users/crimson/Downloads/activator-dist-1.3.10/repository/com.fasterxml.jackson.datatype/jackson-datatype-jsr310/2.7.1/bundles/jackson-datatype-jsr310.jar:/Users/crimson/Downloads/activator-dist-1.3.10/repository/com.typesafe.play/play-netty-utils/2.5.0/jars/play-netty-utils.jar:/Users/crimson/.ivy2/cache/org.slf4j/slf4j-api/jars/slf4j-api-1.7.16.jar:/Users/crimson/.ivy2/cache/org.slf4j/jul-to-slf4j/jars/jul-to-slf4j-1.7.16.jar:/Users/crimson/.ivy2/cache/org.slf4j/jcl-over-slf4j/jars/jcl-over-slf4j-1.7.16.jar:/Users/crimson/Downloads/activator-dist-1.3.10/repository/com.typesafe.play/play-streams_2.11/2.5.0/jars/play-streams_2.11.jar:/Users/crimson/.ivy2/cache/org.reactivestreams/reactive-streams/jars/reactive-streams-1.0.0.jar:/Users/crimson/Downloads/activator-dist-1.3.10/repository/com.typesafe.akka/akka-stream_2.11/2.4.2/jars/akka-stream_2.11.jar:/Users/crimson/Downloads/activator-dist-1.3.10/repository/com.typesafe.akka/akka-actor_2.11/2.4.2/jars/akka-actor_2.11.jar:/Users/crimson/.ivy2/cache/org.scala-lang.modules/scala-java8-compat_2.11/bundles/scala-java8-compat_2.11-0.7.0.jar:/Users/crimson/Downloads/activator-dist-1.3.10/repository/com.typesafe/ssl-config-akka_2.11/0.1.3/bundles/ssl-config-akka_2.11.jar:/Users/crimson/Downloads/activator-dist-1.3.10/repository/com.typesafe/ssl-config-core_2.11/0.1.3/bundles/ssl-config-core_2.11.jar:/Users/crimson/.ivy2/cache/org.scala-lang.modules/scala-parser-combinators_2.11/bundles/scala-parser-combinators_2.11-1.0.4.jar:/Users/crimson/Downloads/activator-dist-1.3.10/repository/com.typesafe.akka/akka-slf4j_2.11/2.4.2/jars/akka-slf4j_2.11.jar:/Users/crimson/.ivy2/cache/commons-codec/commons-codec/jars/commons-codec-1.10.jar:/Users/crimson/.ivy2/cache/xerces/xercesImpl/jars/xercesImpl-2.11.0.jar:/Users/crimson/.ivy2/cache/xml-apis/xml-apis/jars/xml-apis-1.4.01.jar:/Users/crimson/.ivy2/cache/javax.transaction/jta/jars/jta-1.1.jar:/Users/crimson/.ivy2/cache/com.google.inject/guice/jars/guice-4.0.jar:/Users/crimson/.ivy2/cache/javax.inject/javax.inject/jars/javax.inject-1.jar:/Users/crimson/.ivy2/cache/aopalliance/aopalliance/jars/aopalliance-1.0.jar:/Users/crimson/.ivy2/cache/com.google.inject.extensions/guice-assistedinject/jars/guice-assistedinject-4.0.jar:/Users/crimson/Downloads/activator-dist-1.3.10/repository/com.typesafe.play/play-netty-server_2.11/2.5.0/jars/play-netty-server_2.11.jar:/Users/crimson/Downloads/activator-dist-1.3.10/repository/com.typesafe.netty/netty-reactive-streams-http/1.0.2/jars/netty-reactive-streams-http.jar:/Users/crimson/Downloads/activator-dist-1.3.10/repository/com.typesafe.netty/netty-reactive-streams/1.0.2/jars/netty-reactive-streams.jar:/Users/crimson/.ivy2/cache/io.netty/netty-transport-native-epoll/jars/netty-transport-native-epoll-4.0.33.Final.jar:/Users/crimson/.ivy2/cache/com.typesafe.play/play-logback_2.11/jars/play-logback_2.11-2.5.0.jar:/Users/crimson/Downloads/activator-dist-1.3.10/repository/ch.qos.logback/logback-core/1.1.4/jars/logback-core.jar:/Users/crimson/Downloads/activator-dist-1.3.10/repository/ch.qos.logback/logback-classic/1.1.4/jars/logback-classic.jar:/Users/crimson/.ivy2/cache/com.typesafe.play/play-jdbc_2.11/jars/play-jdbc_2.11-2.5.0.jar:/Users/crimson/.ivy2/cache/com.typesafe.play/play-jdbc-api_2.11/jars/play-jdbc-api_2.11-2.5.0.jar:/Users/crimson/.ivy2/cache/com.jolbox/bonecp/bundles/bonecp-0.8.0.RELEASE.jar:/Users/crimson/Downloads/activator-dist-1.3.10/repository/com.zaxxer/HikariCP/2.4.3/bundles/HikariCP.jar:/Users/crimson/.ivy2/cache/com.googlecode.usc/jdbcdslog/jars/jdbcdslog-1.0.6.2.jar:/Users/crimson/Downloads/activator-dist-1.3.10/repository/com.h2database/h2/1.4.191/jars/h2.jar:/Users/crimson/.ivy2/cache/tyrex/tyrex/jars/tyrex-1.0.1.jar:/Users/crimson/.ivy2/cache/com.typesafe.play/play-cache_2.11/jars/play-cache_2.11-2.5.0.jar:/Users/crimson/.ivy2/cache/net.sf.ehcache/ehcache-core/jars/ehcache-core-2.6.11.jar:/Users/crimson/Downloads/activator-dist-1.3.10/repository/com.typesafe.play/play-ws_2.11/2.5.0/jars/play-ws_2.11.jar:/Users/crimson/.ivy2/cache/com.google.guava/guava/bundles/guava-19.0.jar:/Users/crimson/Downloads/activator-dist-1.3.10/repository/org.asynchttpclient/async-http-client/2.0.0-RC9/jars/async-http-client.jar:/Users/crimson/Downloads/activator-dist-1.3.10/repository/io.netty/netty-codec-http/4.0.34.Final/jars/netty-codec-http.jar:/Users/crimson/Downloads/activator-dist-1.3.10/repository/io.netty/netty-codec/4.0.34.Final/jars/netty-codec.jar:/Users/crimson/Downloads/activator-dist-1.3.10/repository/io.netty/netty-transport/4.0.34.Final/jars/netty-transport.jar:/Users/crimson/Downloads/activator-dist-1.3.10/repository/io.netty/netty-buffer/4.0.34.Final/jars/netty-buffer.jar:/Users/crimson/Downloads/activator-dist-1.3.10/repository/io.netty/netty-common/4.0.34.Final/jars/netty-common.jar:/Users/crimson/Downloads/activator-dist-1.3.10/repository/io.netty/netty-handler/4.0.34.Final/jars/netty-handler.jar:/Users/crimson/Downloads/activator-dist-1.3.10/repository/org.asynchttpclient/netty-resolver-dns/2.0.0-RC9/jars/netty-resolver-dns.jar:/Users/crimson/Downloads/activator-dist-1.3.10/repository/org.asynchttpclient/netty-resolver/2.0.0-RC9/jars/netty-resolver.jar:/Users/crimson/Downloads/activator-dist-1.3.10/repository/org.asynchttpclient/netty-codec-dns/2.0.0-RC9/jars/netty-codec-dns.jar:/Users/crimson/.ivy2/cache/org.javassist/javassist/bundles/javassist-3.20.0-GA.jar:/Users/crimson/.ivy2/cache/oauth.signpost/signpost-core/jars/signpost-core-1.2.1.2.jar:/Users/crimson/.ivy2/cache/oauth.signpost/signpost-commonshttp4/jars/signpost-commonshttp4-1.2.1.2.jar:/Users/crimson/.ivy2/cache/org.apache.httpcomponents/httpcore/jars/httpcore-4.0.1.jar:/Users/crimson/.ivy2/cache/org.apache.httpcomponents/httpclient/jars/httpclient-4.0.1.jar:/Users/crimson/.ivy2/cache/commons-logging/commons-logging/jars/commons-logging-1.1.1.jar:/Users/crimson/.ivy2/cache/com.typesafe.play/filters-helpers_2.11/jars/filters-helpers_2.11-2.5.0.jar:/Users/crimson/.ivy2/cache/com.typesafe.play/play-java_2.11/jars/play-java_2.11-2.5.0.jar:/Users/crimson/Downloads/activator-dist-1.3.10/repository/org.yaml/snakeyaml/1.16/bundles/snakeyaml.jar:/Users/crimson/Downloads/activator-dist-1.3.10/repository/org.hibernate/hibernate-validator/5.2.4.Final/jars/hibernate-validator.jar:/Users/crimson/.ivy2/cache/javax.validation/validation-api/jars/validation-api-1.1.0.Final.jar:/Users/crimson/Downloads/activator-dist-1.3.10/repository/org.jboss.logging/jboss-logging/3.2.1.Final/jars/jboss-logging.jar:/Users/crimson/Downloads/activator-dist-1.3.10/repository/com.fasterxml/classmate/1.1.0/bundles/classmate.jar:/Users/crimson/Downloads/activator-dist-1.3.10/repository/javax.el/javax.el-api/3.0.0/jars/javax.el-api.jar:/Users/crimson/Downloads/activator-dist-1.3.10/repository/org.springframework/spring-context/4.2.4.RELEASE/jars/spring-context.jar:/Users/crimson/Downloads/activator-dist-1.3.10/repository/org.springframework/spring-core/4.2.4.RELEASE/jars/spring-core.jar:/Users/crimson/Downloads/activator-dist-1.3.10/repository/org.springframework/spring-beans/4.2.4.RELEASE/jars/spring-beans.jar:/Users/crimson/Downloads/activator-dist-1.3.10/repository/org.reflections/reflections/0.9.10/jars/reflections.jar:/Users/crimson/Downloads/activator-dist-1.3.10/repository/net.jodah/typetools/0.4.4/bundles/typetools.jar:/Users/crimson/.ivy2/cache/com.google.code.findbugs/jsr305/jars/jsr305-3.0.1.jar:/Users/crimson/Downloads/activator-dist-1.3.10/repository/org.apache.tomcat/tomcat-servlet-api/8.0.32/jars/tomcat-servlet-api.jar:/Users/crimson/.ivy2/cache/org.mongodb.scala/mongo-scala-driver_2.11/jars/mongo-scala-driver_2.11-1.0.1.jar:/Users/crimson/.ivy2/cache/org.mongodb.scala/mongo-scala-bson_2.11/jars/mongo-scala-bson_2.11-1.0.1.jar:/Users/crimson/.ivy2/cache/org.mongodb/mongodb-driver-async/jars/mongodb-driver-async-3.1.0.jar:/Users/crimson/.ivy2/cache/org.mongodb/bson/jars/bson-3.1.0.jar:/Users/crimson/.ivy2/cache/org.mongodb/mongodb-driver-core/jars/mongodb-driver-core-3.1.0.jar:/Users/crimson/.ivy2/cache/com.github.t3hnar/scala-bcrypt_2.11/jars/scala-bcrypt_2.11-2.5.jar:/Users/crimson/.ivy2/cache/de.svenkubiak/jBCrypt/jars/jBCrypt-0.4.jar:/Users/crimson/.ivy2/cache/org.mockito/mockito-core/jars/mockito-core-1.10.19.jar:/Users/crimson/.ivy2/cache/org.hamcrest/hamcrest-core/jars/hamcrest-core-1.1.jar:/Users/crimson/.ivy2/cache/org.objenesis/objenesis/jars/objenesis-2.1.jar
Scala compilation took 32.112788765 s
Invalidating /Users/crimson/IdeaProjects/gurps_combat_helper_online/src/scala-backend/app/models/Charlist.scala...
Invalidating (transitively) by inheritance from /Users/crimson/IdeaProjects/gurps_combat_helper_online/src/scala-backend/app/models/Charlist.scala...
Initial set of included nodes: Set(/Users/crimson/IdeaProjects/gurps_combat_helper_online/src/scala-backend/app/models/Charlist.scala)
Invalidated by transitive inheritance dependency: Set(/Users/crimson/IdeaProjects/gurps_combat_helper_online/src/scala-backend/app/models/Charlist.scala)
The /Users/crimson/IdeaProjects/gurps_combat_helper_online/src/scala-backend/app/models/Charlist.scala source file has the following implicit definitions changed:
	meleeFormat, armorElementFormat, rangedFormat.
All member reference dependencies will be considered within this context.
The following member ref dependencies of /Users/crimson/IdeaProjects/gurps_combat_helper_online/src/scala-backend/app/models/Charlist.scala are invalidated:
	/Users/crimson/IdeaProjects/gurps_combat_helper_online/src/scala-backend/app/controllers/CharlistController.scala
	/Users/crimson/IdeaProjects/gurps_combat_helper_online/src/scala-backend/app/daos/CharlistDao.scala
	/Users/crimson/IdeaProjects/gurps_combat_helper_online/src/scala-backend/app/services/CharlistService.scala
New invalidations:
	Set(/Users/crimson/IdeaProjects/gurps_combat_helper_online/src/scala-backend/app/daos/CharlistDao.scala, /Users/crimson/IdeaProjects/gurps_combat_helper_online/src/scala-backend/app/services/CharlistService.scala, /Users/crimson/IdeaProjects/gurps_combat_helper_online/src/scala-backend/app/controllers/CharlistController.scala)
Initial set of included nodes: Set(/Users/crimson/IdeaProjects/gurps_combat_helper_online/src/scala-backend/app/daos/CharlistDao.scala, /Users/crimson/IdeaProjects/gurps_combat_helper_online/src/scala-backend/app/services/CharlistService.scala, /Users/crimson/IdeaProjects/gurps_combat_helper_online/src/scala-backend/app/controllers/CharlistController.scala)
Including /Users/crimson/IdeaProjects/gurps_combat_helper_online/src/scala-backend/app/services/CharlistService.scala by /Users/crimson/IdeaProjects/gurps_combat_helper_online/src/scala-backend/app/daos/CharlistDao.scala
Including /Users/crimson/IdeaProjects/gurps_combat_helper_online/src/scala-backend/app/controllers/CharlistController.scala by /Users/crimson/IdeaProjects/gurps_combat_helper_online/src/scala-backend/app/services/CharlistService.scala
Including /Users/crimson/IdeaProjects/gurps_combat_helper_online/src/scala-backend/target/scala-2.11/routes/main/router/Routes.scala by /Users/crimson/IdeaProjects/gurps_combat_helper_online/src/scala-backend/app/controllers/CharlistController.scala
Previously invalidated, but (transitively) depend on new invalidations:
	Set()
All newly invalidated sources after taking into account (previously) recompiled sources:Set(/Users/crimson/IdeaProjects/gurps_combat_helper_online/src/scala-backend/app/daos/CharlistDao.scala, /Users/crimson/IdeaProjects/gurps_combat_helper_online/src/scala-backend/app/services/CharlistService.scala, /Users/crimson/IdeaProjects/gurps_combat_helper_online/src/scala-backend/app/controllers/CharlistController.scala)
Read from stdout: Compiling 3 Scala sources to /Users/crimson/IdeaProjects/gurps_combat_helper_online/src/scala-backend/target/scala-2.11/classes...
Compiling 3 Scala sources to /Users/crimson/IdeaProjects/gurps_combat_helper_online/src/scala-backend/target/scala-2.11/classes...
Getting compiler-interface from component compiler for Scala 2.11.7
Other repositories:
Default repositories:
Getting compiler-interface from component compiler for Scala 2.11.7
Other repositories:
Default repositories:
Running cached compiler 7eb73cda, interfacing (CompilerInterface) with Scala compiler version 2.11.7
Calling Scala compiler with arguments  (CompilerInterface):
	-deprecation
	-unchecked
	-encoding
	utf8
	-bootclasspath
	/Library/Java/JavaVirtualMachines/jdk1.8.0_91.jdk/Contents/Home/jre/lib/resources.jar:/Library/Java/JavaVirtualMachines/jdk1.8.0_91.jdk/Contents/Home/jre/lib/rt.jar:/Library/Java/JavaVirtualMachines/jdk1.8.0_91.jdk/Contents/Home/jre/lib/sunrsasign.jar:/Library/Java/JavaVirtualMachines/jdk1.8.0_91.jdk/Contents/Home/jre/lib/jsse.jar:/Library/Java/JavaVirtualMachines/jdk1.8.0_91.jdk/Contents/Home/jre/lib/jce.jar:/Library/Java/JavaVirtualMachines/jdk1.8.0_91.jdk/Contents/Home/jre/lib/charsets.jar:/Library/Java/JavaVirtualMachines/jdk1.8.0_91.jdk/Contents/Home/jre/lib/jfr.jar:/Library/Java/JavaVirtualMachines/jdk1.8.0_91.jdk/Contents/Home/jre/classes:/Users/crimson/.ivy2/cache/org.scala-lang/scala-library/jars/scala-library-2.11.7.jar
	-classpath
	/Users/crimson/IdeaProjects/gurps_combat_helper_online/src/scala-backend/target/scala-2.11/classes:/Users/crimson/.ivy2/cache/com.typesafe.play/twirl-api_2.11/jars/twirl-api_2.11-1.1.1.jar:/Users/crimson/.ivy2/cache/org.apache.commons/commons-lang3/jars/commons-lang3-3.4.jar:/Users/crimson/.ivy2/cache/org.scala-lang.modules/scala-xml_2.11/bundles/scala-xml_2.11-1.0.1.jar:/Users/crimson/Downloads/activator-dist-1.3.10/repository/com.typesafe.play/play-server_2.11/2.5.0/jars/play-server_2.11.jar:/Users/crimson/Downloads/activator-dist-1.3.10/repository/com.typesafe.play/play_2.11/2.5.0/jars/play_2.11.jar:/Users/crimson/Downloads/activator-dist-1.3.10/repository/com.typesafe.play/build-link/2.5.0/jars/build-link.jar:/Users/crimson/Downloads/activator-dist-1.3.10/repository/com.typesafe.play/play-exceptions/2.5.0/jars/play-exceptions.jar:/Users/crimson/Downloads/activator-dist-1.3.10/repository/com.typesafe.play/play-iteratees_2.11/2.5.0/jars/play-iteratees_2.11.jar:/Users/crimson/.ivy2/cache/org.scala-stm/scala-stm_2.11/jars/scala-stm_2.11-0.7.jar:/Users/crimson/.ivy2/cache/com.typesafe/config/bundles/config-1.3.0.jar:/Users/crimson/Downloads/activator-dist-1.3.10/repository/com.typesafe.play/play-json_2.11/2.5.0/jars/play-json_2.11.jar:/Users/crimson/Downloads/activator-dist-1.3.10/repository/com.typesafe.play/play-functional_2.11/2.5.0/jars/play-functional_2.11.jar:/Users/crimson/Downloads/activator-dist-1.3.10/repository/com.typesafe.play/play-datacommons_2.11/2.5.0/jars/play-datacommons_2.11.jar:/Users/crimson/Downloads/activator-dist-1.3.10/repository/joda-time/joda-time/2.9.2/jars/joda-time.jar:/Users/crimson/.ivy2/cache/org.joda/joda-convert/jars/joda-convert-1.8.1.jar:/Users/crimson/.ivy2/cache/org.scala-lang/scala-reflect/jars/scala-reflect-2.11.7.jar:/Users/crimson/Downloads/activator-dist-1.3.10/repository/com.fasterxml.jackson.core/jackson-core/2.7.1/bundles/jackson-core.jar:/Users/crimson/Downloads/activator-dist-1.3.10/repository/com.fasterxml.jackson.core/jackson-annotations/2.7.1/bundles/jackson-annotations.jar:/Users/crimson/Downloads/activator-dist-1.3.10/repository/com.fasterxml.jackson.core/jackson-databind/2.7.1/bundles/jackson-databind.jar:/Users/crimson/Downloads/activator-dist-1.3.10/repository/com.fasterxml.jackson.datatype/jackson-datatype-jdk8/2.7.1/bundles/jackson-datatype-jdk8.jar:/Users/crimson/Downloads/activator-dist-1.3.10/repository/com.fasterxml.jackson.datatype/jackson-datatype-jsr310/2.7.1/bundles/jackson-datatype-jsr310.jar:/Users/crimson/Downloads/activator-dist-1.3.10/repository/com.typesafe.play/play-netty-utils/2.5.0/jars/play-netty-utils.jar:/Users/crimson/.ivy2/cache/org.slf4j/slf4j-api/jars/slf4j-api-1.7.16.jar:/Users/crimson/.ivy2/cache/org.slf4j/jul-to-slf4j/jars/jul-to-slf4j-1.7.16.jar:/Users/crimson/.ivy2/cache/org.slf4j/jcl-over-slf4j/jars/jcl-over-slf4j-1.7.16.jar:/Users/crimson/Downloads/activator-dist-1.3.10/repository/com.typesafe.play/play-streams_2.11/2.5.0/jars/play-streams_2.11.jar:/Users/crimson/.ivy2/cache/org.reactivestreams/reactive-streams/jars/reactive-streams-1.0.0.jar:/Users/crimson/Downloads/activator-dist-1.3.10/repository/com.typesafe.akka/akka-stream_2.11/2.4.2/jars/akka-stream_2.11.jar:/Users/crimson/Downloads/activator-dist-1.3.10/repository/com.typesafe.akka/akka-actor_2.11/2.4.2/jars/akka-actor_2.11.jar:/Users/crimson/.ivy2/cache/org.scala-lang.modules/scala-java8-compat_2.11/bundles/scala-java8-compat_2.11-0.7.0.jar:/Users/crimson/Downloads/activator-dist-1.3.10/repository/com.typesafe/ssl-config-akka_2.11/0.1.3/bundles/ssl-config-akka_2.11.jar:/Users/crimson/Downloads/activator-dist-1.3.10/repository/com.typesafe/ssl-config-core_2.11/0.1.3/bundles/ssl-config-core_2.11.jar:/Users/crimson/.ivy2/cache/org.scala-lang.modules/scala-parser-combinators_2.11/bundles/scala-parser-combinators_2.11-1.0.4.jar:/Users/crimson/Downloads/activator-dist-1.3.10/repository/com.typesafe.akka/akka-slf4j_2.11/2.4.2/jars/akka-slf4j_2.11.jar:/Users/crimson/.ivy2/cache/commons-codec/commons-codec/jars/commons-codec-1.10.jar:/Users/crimson/.ivy2/cache/xerces/xercesImpl/jars/xercesImpl-2.11.0.jar:/Users/crimson/.ivy2/cache/xml-apis/xml-apis/jars/xml-apis-1.4.01.jar:/Users/crimson/.ivy2/cache/javax.transaction/jta/jars/jta-1.1.jar:/Users/crimson/.ivy2/cache/com.google.inject/guice/jars/guice-4.0.jar:/Users/crimson/.ivy2/cache/javax.inject/javax.inject/jars/javax.inject-1.jar:/Users/crimson/.ivy2/cache/aopalliance/aopalliance/jars/aopalliance-1.0.jar:/Users/crimson/.ivy2/cache/com.google.inject.extensions/guice-assistedinject/jars/guice-assistedinject-4.0.jar:/Users/crimson/Downloads/activator-dist-1.3.10/repository/com.typesafe.play/play-netty-server_2.11/2.5.0/jars/play-netty-server_2.11.jar:/Users/crimson/Downloads/activator-dist-1.3.10/repository/com.typesafe.netty/netty-reactive-streams-http/1.0.2/jars/netty-reactive-streams-http.jar:/Users/crimson/Downloads/activator-dist-1.3.10/repository/com.typesafe.netty/netty-reactive-streams/1.0.2/jars/netty-reactive-streams.jar:/Users/crimson/.ivy2/cache/io.netty/netty-transport-native-epoll/jars/netty-transport-native-epoll-4.0.33.Final.jar:/Users/crimson/.ivy2/cache/com.typesafe.play/play-logback_2.11/jars/play-logback_2.11-2.5.0.jar:/Users/crimson/Downloads/activator-dist-1.3.10/repository/ch.qos.logback/logback-core/1.1.4/jars/logback-core.jar:/Users/crimson/Downloads/activator-dist-1.3.10/repository/ch.qos.logback/logback-classic/1.1.4/jars/logback-classic.jar:/Users/crimson/.ivy2/cache/com.typesafe.play/play-jdbc_2.11/jars/play-jdbc_2.11-2.5.0.jar:/Users/crimson/.ivy2/cache/com.typesafe.play/play-jdbc-api_2.11/jars/play-jdbc-api_2.11-2.5.0.jar:/Users/crimson/.ivy2/cache/com.jolbox/bonecp/bundles/bonecp-0.8.0.RELEASE.jar:/Users/crimson/Downloads/activator-dist-1.3.10/repository/com.zaxxer/HikariCP/2.4.3/bundles/HikariCP.jar:/Users/crimson/.ivy2/cache/com.googlecode.usc/jdbcdslog/jars/jdbcdslog-1.0.6.2.jar:/Users/crimson/Downloads/activator-dist-1.3.10/repository/com.h2database/h2/1.4.191/jars/h2.jar:/Users/crimson/.ivy2/cache/tyrex/tyrex/jars/tyrex-1.0.1.jar:/Users/crimson/.ivy2/cache/com.typesafe.play/play-cache_2.11/jars/play-cache_2.11-2.5.0.jar:/Users/crimson/.ivy2/cache/net.sf.ehcache/ehcache-core/jars/ehcache-core-2.6.11.jar:/Users/crimson/Downloads/activator-dist-1.3.10/repository/com.typesafe.play/play-ws_2.11/2.5.0/jars/play-ws_2.11.jar:/Users/crimson/.ivy2/cache/com.google.guava/guava/bundles/guava-19.0.jar:/Users/crimson/Downloads/activator-dist-1.3.10/repository/org.asynchttpclient/async-http-client/2.0.0-RC9/jars/async-http-client.jar:/Users/crimson/Downloads/activator-dist-1.3.10/repository/io.netty/netty-codec-http/4.0.34.Final/jars/netty-codec-http.jar:/Users/crimson/Downloads/activator-dist-1.3.10/repository/io.netty/netty-codec/4.0.34.Final/jars/netty-codec.jar:/Users/crimson/Downloads/activator-dist-1.3.10/repository/io.netty/netty-transport/4.0.34.Final/jars/netty-transport.jar:/Users/crimson/Downloads/activator-dist-1.3.10/repository/io.netty/netty-buffer/4.0.34.Final/jars/netty-buffer.jar:/Users/crimson/Downloads/activator-dist-1.3.10/repository/io.netty/netty-common/4.0.34.Final/jars/netty-common.jar:/Users/crimson/Downloads/activator-dist-1.3.10/repository/io.netty/netty-handler/4.0.34.Final/jars/netty-handler.jar:/Users/crimson/Downloads/activator-dist-1.3.10/repository/org.asynchttpclient/netty-resolver-dns/2.0.0-RC9/jars/netty-resolver-dns.jar:/Users/crimson/Downloads/activator-dist-1.3.10/repository/org.asynchttpclient/netty-resolver/2.0.0-RC9/jars/netty-resolver.jar:/Users/crimson/Downloads/activator-dist-1.3.10/repository/org.asynchttpclient/netty-codec-dns/2.0.0-RC9/jars/netty-codec-dns.jar:/Users/crimson/.ivy2/cache/org.javassist/javassist/bundles/javassist-3.20.0-GA.jar:/Users/crimson/.ivy2/cache/oauth.signpost/signpost-core/jars/signpost-core-1.2.1.2.jar:/Users/crimson/.ivy2/cache/oauth.signpost/signpost-commonshttp4/jars/signpost-commonshttp4-1.2.1.2.jar:/Users/crimson/.ivy2/cache/org.apache.httpcomponents/httpcore/jars/httpcore-4.0.1.jar:/Users/crimson/.ivy2/cache/org.apache.httpcomponents/httpclient/jars/httpclient-4.0.1.jar:/Users/crimson/.ivy2/cache/commons-logging/commons-logging/jars/commons-logging-1.1.1.jar:/Users/crimson/.ivy2/cache/com.typesafe.play/filters-helpers_2.11/jars/filters-helpers_2.11-2.5.0.jar:/Users/crimson/.ivy2/cache/com.typesafe.play/play-java_2.11/jars/play-java_2.11-2.5.0.jar:/Users/crimson/Downloads/activator-dist-1.3.10/repository/org.yaml/snakeyaml/1.16/bundles/snakeyaml.jar:/Users/crimson/Downloads/activator-dist-1.3.10/repository/org.hibernate/hibernate-validator/5.2.4.Final/jars/hibernate-validator.jar:/Users/crimson/.ivy2/cache/javax.validation/validation-api/jars/validation-api-1.1.0.Final.jar:/Users/crimson/Downloads/activator-dist-1.3.10/repository/org.jboss.logging/jboss-logging/3.2.1.Final/jars/jboss-logging.jar:/Users/crimson/Downloads/activator-dist-1.3.10/repository/com.fasterxml/classmate/1.1.0/bundles/classmate.jar:/Users/crimson/Downloads/activator-dist-1.3.10/repository/javax.el/javax.el-api/3.0.0/jars/javax.el-api.jar:/Users/crimson/Downloads/activator-dist-1.3.10/repository/org.springframework/spring-context/4.2.4.RELEASE/jars/spring-context.jar:/Users/crimson/Downloads/activator-dist-1.3.10/repository/org.springframework/spring-core/4.2.4.RELEASE/jars/spring-core.jar:/Users/crimson/Downloads/activator-dist-1.3.10/repository/org.springframework/spring-beans/4.2.4.RELEASE/jars/spring-beans.jar:/Users/crimson/Downloads/activator-dist-1.3.10/repository/org.reflections/reflections/0.9.10/jars/reflections.jar:/Users/crimson/Downloads/activator-dist-1.3.10/repository/net.jodah/typetools/0.4.4/bundles/typetools.jar:/Users/crimson/.ivy2/cache/com.google.code.findbugs/jsr305/jars/jsr305-3.0.1.jar:/Users/crimson/Downloads/activator-dist-1.3.10/repository/org.apache.tomcat/tomcat-servlet-api/8.0.32/jars/tomcat-servlet-api.jar:/Users/crimson/.ivy2/cache/org.mongodb.scala/mongo-scala-driver_2.11/jars/mongo-scala-driver_2.11-1.0.1.jar:/Users/crimson/.ivy2/cache/org.mongodb.scala/mongo-scala-bson_2.11/jars/mongo-scala-bson_2.11-1.0.1.jar:/Users/crimson/.ivy2/cache/org.mongodb/mongodb-driver-async/jars/mongodb-driver-async-3.1.0.jar:/Users/crimson/.ivy2/cache/org.mongodb/bson/jars/bson-3.1.0.jar:/Users/crimson/.ivy2/cache/org.mongodb/mongodb-driver-core/jars/mongodb-driver-core-3.1.0.jar:/Users/crimson/.ivy2/cache/com.github.t3hnar/scala-bcrypt_2.11/jars/scala-bcrypt_2.11-2.5.jar:/Users/crimson/.ivy2/cache/de.svenkubiak/jBCrypt/jars/jBCrypt-0.4.jar:/Users/crimson/.ivy2/cache/org.mockito/mockito-core/jars/mockito-core-1.10.19.jar:/Users/crimson/.ivy2/cache/org.hamcrest/hamcrest-core/jars/hamcrest-core-1.1.jar:/Users/crimson/.ivy2/cache/org.objenesis/objenesis/jars/objenesis-2.1.jar
Scala compilation took 4.450086104 s
New invalidations:
	Set()
Initial set of included nodes: Set()
Previously invalidated, but (transitively) depend on new invalidations:
	Set()
All newly invalidated sources after taking into account (previously) recompiled sources:Set()
Total time: 40 s, completed Oct 3, 2016 12:58:49 AM
> server-post-command-cleanup
> server-handle-next-server-request
> {file:/Users/crimson/IdeaProjects/gurps_combat_helper_online/src/scala-backend/}ggmtools/compile:discoveredMainClasses
Evaluating tasks: compile:discoveredMainClasses
Running task... Cancel: sbt.server.ServerTaskCancellation@68585950, check cycles: false

Initial source changes: 
	removed:Set()
	added: Set()
	modified: Set()
Removed products: Set()
External API changes: API Changes: Set()
Modified binary dependencies: Set()
Initial directly invalidated sources: Set()

Sources indirectly invalidated by:
	product: Set()
	binary dep: Set()
	external source: Set()
All initially invalidated sources: Set()

Total time: 1 s, completed Oct 3, 2016 12:58:50 AM
> server-post-command-cleanup
> server-handle-next-server-request
> {file:/Users/crimson/IdeaProjects/gurps_combat_helper_online/src/scala-backend/}ggmtools/compile:mainClass
Evaluating tasks: compile:mainClass
Running task... Cancel: sbt.server.ServerTaskCancellation@5d21d257, check cycles: false
Total time: 0 s, completed Oct 3, 2016 12:58:50 AM
> server-post-command-cleanup
> server-handle-next-server-request
> {file:/Users/crimson/IdeaProjects/gurps_combat_helper_online/src/scala-backend/}ggmtools/compile:discoveredMainClasses
Evaluating tasks: compile:discoveredMainClasses
Running task... Cancel: sbt.server.ServerTaskCancellation@58e016d6, check cycles: false

Initial source changes: 
	removed:Set()
	added: Set()
	modified: Set()
Removed products: Set()
External API changes: API Changes: Set()
Modified binary dependencies: Set()
Initial directly invalidated sources: Set()

Sources indirectly invalidated by:
	product: Set()
	binary dep: Set()
	external source: Set()
All initially invalidated sources: Set()

Total time: 1 s, completed Oct 3, 2016 12:58:51 AM
> server-post-command-cleanup
> server-handle-next-server-request
> test
Evaluating tasks: test:test
Running task... Cancel: sbt.server.ServerTaskCancellation@7fe7cad7, check cycles: false

Initial source changes: 
	removed:Set()
	added: Set()
	modified: Set()
Removed products: Set()
External API changes: API Changes: Set()
Modified binary dependencies: Set()
Initial directly invalidated sources: Set()

Sources indirectly invalidated by:
	product: Set()
	binary dep: Set()
	external source: Set()
All initially invalidated sources: Set()

Copy resource mappings: 
	(/Users/crimson/IdeaProjects/gurps_combat_helper_online/src/scala-backend/conf/application.conf,/Users/crimson/IdeaProjects/gurps_combat_helper_online/src/scala-backend/target/scala-2.11/classes/application.conf)
	(/Users/crimson/IdeaProjects/gurps_combat_helper_online/src/scala-backend/conf/logback.xml,/Users/crimson/IdeaProjects/gurps_combat_helper_online/src/scala-backend/target/scala-2.11/classes/logback.xml)
	(/Users/crimson/IdeaProjects/gurps_combat_helper_online/src/scala-backend/conf/messages,/Users/crimson/IdeaProjects/gurps_combat_helper_online/src/scala-backend/target/scala-2.11/classes/messages)
	(/Users/crimson/IdeaProjects/gurps_combat_helper_online/src/scala-backend/conf/routes,/Users/crimson/IdeaProjects/gurps_combat_helper_online/src/scala-backend/target/scala-2.11/classes/routes)
The models.Charlist$ source file has the following implicit definitions changed:
	armorFormat, rangedRoFFormat, rangedShotsFormat, meleeFormat, armorElementFormat, equipmentFormat, rangedFormat.
All member reference dependencies will be considered within this context.
Files invalidated by inheriting from (external) models.Charlist$: Set(); now invalidating by inheritance (internally).
Getting direct dependencies of all sources transitively invalidated by inheritance.
Getting sources that directly depend on (external) models.Charlist$.
The following member ref dependencies of models.Charlist$ are invalidated:
	/Users/crimson/IdeaProjects/GGMTools/test/CharlistControllerSpec.scala
The controllers.routes source file has the following regular definitions changed:
	notify, Assets, wait, routes, equals, CharlistController, routes$javascript, notifyAll, <init>, Application, toString, AuthController, getClass, hashCode.
All member reference dependencies will be considered within this context.
Files invalidated by inheriting from (external) controllers.routes: Set(); now invalidating by inheritance (internally).
Getting direct dependencies of all sources transitively invalidated by inheritance.
Getting sources that directly depend on (external) controllers.routes.
The following modified names cause invalidation of /Users/crimson/IdeaProjects/GGMTools/test/CharlistControllerSpec.scala: Set(routes, CharlistController, <init>)

Initial source changes: 
	removed:Set(/Users/crimson/IdeaProjects/GGMTools/test/CharlistControllerSpec.scala)
	added: Set(/Users/crimson/IdeaProjects/gurps_combat_helper_online/src/scala-backend/test/CharlistControllerSpec.scala)
	modified: Set()
Removed products: Set(/Users/crimson/IdeaProjects/GGMTools/target/scala-2.11/test-classes/CharlistControllerSpec$$anonfun$2$$anonfun$apply$mcV$sp$2$$anonfun$apply$mcV$sp$4.class, /Users/crimson/IdeaProjects/GGMTools/target/scala-2.11/test-classes/CharlistControllerSpec$$anonfun$2$$anonfun$apply$mcV$sp$2.class, /Users/crimson/IdeaProjects/GGMTools/target/scala-2.11/test-classes/CharlistControllerSpec$$anonfun$1.class, /Users/crimson/IdeaProjects/GGMTools/target/scala-2.11/test-classes/CharlistControllerSpec$$anonfun$1$$anonfun$apply$mcV$sp$1.class, /Users/crimson/IdeaProjects/GGMTools/target/scala-2.11/test-classes/CharlistControllerSpec$$anonfun$2.class, /Users/crimson/IdeaProjects/GGMTools/target/scala-2.11/test-classes/CharlistControllerSpec.class, /Users/crimson/IdeaProjects/GGMTools/target/scala-2.11/test-classes/CharlistControllerSpec$$anonfun$1$$anonfun$apply$mcV$sp$1$$anonfun$apply$mcV$sp$3.class)
External API changes: API Changes: Set(NamesChange(models.Charlist$,ModifiedNames(regularNames = locations, notify, comb, apply$default$11, unapply, st, curried, ABDOMEN, equip, name, attacksRanged, apply$default$16, wait, melee, apply$default$4, <init>$default$5, totalCost, STASH, NECK, copy$default$2, $asInstanceOf, <init>$default$6, <init>$default$14, hands, carried, copy$default$5, bulk, rofJet, apply$default$12, apply$default$8, PIERCING, isValid, <init>$default$1, shotsLeft, dmgString, weapons, productArity, equals, COMBAT, copy$default$9, front, copy$default$12, parryString, LEG_RIGHT, ARM_RIGHT, shotWt, attacks, asInstanceOf, apply$default$7, apply$default$14, CharlistAttackType, synchronized, shotCost, items, WEAPON, <init>$default$18, db, apply$default$17, BURNING_EXPLOSION, <init>$default$7, $isInstanceOf, CharlistItemState, apply$default$3, CORROSION, copy$default$15, <init>$default$4, CharlistMelee, copy$default$8, tupled, GROIN, CharlistItem, tl, EQUIPPED, THRUSTING, CharlistArmorDivisors, copy$default$13, CharlistHitLocations, canEqual, linked, <init>$default$17, CRUSHING_EXPLOSION, copy$default$4, CharlistWeapon, PIERCING_HUGE, LEG_LEFT, PIERCING_LARGE, productPrefix, <init>$default$11, FATIGUE, notifyAll, readResolve, <init>$default$10, isInstanceOf, apply$default$13, HANDS, copy$default$18, apply$default$6, <init>$default$3, TORSO, CharlistRangedRoF, <init>$default$8, shotsString, unbalanced, PIERCING_SMALL, block, copy$default$16, <init>, hpLeft, CharlistEquipment, HAND_LEFT, apply$default$2, IMPALING, apply, cost, grips, ARMS, totalTravWt, SWINGING, apply$default$18, ==, EYES, copy$default$14, shots, clone, shotsCarried, FEET, <init>$default$12, back, totalCombWt, copy$default$7, copy$default$10, BURNING, CharlistRangedDamage, rofFA, dr, rofMult, followup, <init>$default$16, apply$default$10, apply$default$15, copy$default$3, copy, apply$default$1, available, CharlistMeleeAttack, copy$default$17, toString, TOXIC, CRUSHING, rofString, FACE, VITALS, notes, ranged, !=, CharlistRangedAttack, <init>$default$9, lc, apply$default$5, accMod, TRAVEL, getClass, CUTTING, HAND_RIGHT, copy$default$1, hp, FOOT_RIGHT, LEGS, READY, apply$default$9, SPECIAL, copy$default$6, ne, CharlistRanged, fragDice, CharlistRangedShots, FOOT_LEFT, AFFLICTION, copy$default$11, CharlistMeleeDamage, rof, armor, attacksMelee, CharlistArmor, SKULL, totalWt, CharlistData, wt, <init>$default$2, eq, ARM_LEFT, productIterator, parryType, ##, <init>$default$13, finalize, productElement, shotsLoaded, hashCode, reload, <init>$default$15, CharlistDamageType, implicitNames = armorFormat, rangedRoFFormat, rangedShotsFormat, meleeFormat, armorElementFormat, equipmentFormat, rangedFormat)), NamesChange(controllers.routes,ModifiedNames(regularNames = notify, Assets, wait, routes, equals, CharlistController, routes$javascript, notifyAll, <init>, Application, toString, AuthController, getClass, hashCode, implicitNames = )))
Modified binary dependencies: Set()
Initial directly invalidated sources: Set(/Users/crimson/IdeaProjects/GGMTools/test/CharlistControllerSpec.scala, /Users/crimson/IdeaProjects/gurps_combat_helper_online/src/scala-backend/test/CharlistControllerSpec.scala)

Sources indirectly invalidated by:
	product: Set(/Users/crimson/IdeaProjects/GGMTools/test/CharlistControllerSpec.scala)
	binary dep: Set()
	external source: Set(/Users/crimson/IdeaProjects/GGMTools/test/CharlistControllerSpec.scala)
All initially invalidated sources: Set(/Users/crimson/IdeaProjects/GGMTools/test/CharlistControllerSpec.scala, /Users/crimson/IdeaProjects/gurps_combat_helper_online/src/scala-backend/test/CharlistControllerSpec.scala)

Recompiling all 1 sources: invalidated sources (2) exceeded 50.0% of all sources
Read from stdout: Compiling 1 Scala source to /Users/crimson/IdeaProjects/gurps_combat_helper_online/src/scala-backend/target/scala-2.11/test-classes...
Compiling 1 Scala source to /Users/crimson/IdeaProjects/gurps_combat_helper_online/src/scala-backend/target/scala-2.11/test-classes...
Getting compiler-interface from component compiler for Scala 2.11.7
Other repositories:
Default repositories:
Getting compiler-interface from component compiler for Scala 2.11.7
Other repositories:
Default repositories:
Running cached compiler 66c73cbc, interfacing (CompilerInterface) with Scala compiler version 2.11.7
Calling Scala compiler with arguments  (CompilerInterface):
	-deprecation
	-unchecked
	-encoding
	utf8
	-bootclasspath
	/Library/Java/JavaVirtualMachines/jdk1.8.0_91.jdk/Contents/Home/jre/lib/resources.jar:/Library/Java/JavaVirtualMachines/jdk1.8.0_91.jdk/Contents/Home/jre/lib/rt.jar:/Library/Java/JavaVirtualMachines/jdk1.8.0_91.jdk/Contents/Home/jre/lib/sunrsasign.jar:/Library/Java/JavaVirtualMachines/jdk1.8.0_91.jdk/Contents/Home/jre/lib/jsse.jar:/Library/Java/JavaVirtualMachines/jdk1.8.0_91.jdk/Contents/Home/jre/lib/jce.jar:/Library/Java/JavaVirtualMachines/jdk1.8.0_91.jdk/Contents/Home/jre/lib/charsets.jar:/Library/Java/JavaVirtualMachines/jdk1.8.0_91.jdk/Contents/Home/jre/lib/jfr.jar:/Library/Java/JavaVirtualMachines/jdk1.8.0_91.jdk/Contents/Home/jre/classes:/Users/crimson/.ivy2/cache/org.scala-lang/scala-library/jars/scala-library-2.11.7.jar
	-classpath
	/Users/crimson/IdeaProjects/gurps_combat_helper_online/src/scala-backend/target/scala-2.11/test-classes:/Users/crimson/IdeaProjects/gurps_combat_helper_online/src/scala-backend/target/scala-2.11/classes:/Users/crimson/IdeaProjects/gurps_combat_helper_online/src/scala-backend/target/web/classes/main:/Users/crimson/.ivy2/cache/com.typesafe.play/twirl-api_2.11/jars/twirl-api_2.11-1.1.1.jar:/Users/crimson/.ivy2/cache/org.apache.commons/commons-lang3/jars/commons-lang3-3.4.jar:/Users/crimson/Downloads/activator-dist-1.3.10/repository/com.typesafe.play/play-server_2.11/2.5.0/jars/play-server_2.11.jar:/Users/crimson/Downloads/activator-dist-1.3.10/repository/com.typesafe.play/play_2.11/2.5.0/jars/play_2.11.jar:/Users/crimson/Downloads/activator-dist-1.3.10/repository/com.typesafe.play/build-link/2.5.0/jars/build-link.jar:/Users/crimson/Downloads/activator-dist-1.3.10/repository/com.typesafe.play/play-exceptions/2.5.0/jars/play-exceptions.jar:/Users/crimson/Downloads/activator-dist-1.3.10/repository/com.typesafe.play/play-iteratees_2.11/2.5.0/jars/play-iteratees_2.11.jar:/Users/crimson/.ivy2/cache/org.scala-stm/scala-stm_2.11/jars/scala-stm_2.11-0.7.jar:/Users/crimson/.ivy2/cache/com.typesafe/config/bundles/config-1.3.0.jar:/Users/crimson/Downloads/activator-dist-1.3.10/repository/com.typesafe.play/play-json_2.11/2.5.0/jars/play-json_2.11.jar:/Users/crimson/Downloads/activator-dist-1.3.10/repository/com.typesafe.play/play-functional_2.11/2.5.0/jars/play-functional_2.11.jar:/Users/crimson/Downloads/activator-dist-1.3.10/repository/com.typesafe.play/play-datacommons_2.11/2.5.0/jars/play-datacommons_2.11.jar:/Users/crimson/Downloads/activator-dist-1.3.10/repository/joda-time/joda-time/2.9.2/jars/joda-time.jar:/Users/crimson/.ivy2/cache/org.joda/joda-convert/jars/joda-convert-1.8.1.jar:/Users/crimson/.ivy2/cache/org.scala-lang/scala-reflect/jars/scala-reflect-2.11.7.jar:/Users/crimson/Downloads/activator-dist-1.3.10/repository/com.fasterxml.jackson.core/jackson-core/2.7.1/bundles/jackson-core.jar:/Users/crimson/Downloads/activator-dist-1.3.10/repository/com.fasterxml.jackson.core/jackson-annotations/2.7.1/bundles/jackson-annotations.jar:/Users/crimson/Downloads/activator-dist-1.3.10/repository/com.fasterxml.jackson.core/jackson-databind/2.7.1/bundles/jackson-databind.jar:/Users/crimson/Downloads/activator-dist-1.3.10/repository/com.fasterxml.jackson.datatype/jackson-datatype-jdk8/2.7.1/bundles/jackson-datatype-jdk8.jar:/Users/crimson/Downloads/activator-dist-1.3.10/repository/com.fasterxml.jackson.datatype/jackson-datatype-jsr310/2.7.1/bundles/jackson-datatype-jsr310.jar:/Users/crimson/Downloads/activator-dist-1.3.10/repository/com.typesafe.play/play-netty-utils/2.5.0/jars/play-netty-utils.jar:/Users/crimson/.ivy2/cache/org.slf4j/slf4j-api/jars/slf4j-api-1.7.16.jar:/Users/crimson/.ivy2/cache/org.slf4j/jul-to-slf4j/jars/jul-to-slf4j-1.7.16.jar:/Users/crimson/.ivy2/cache/org.slf4j/jcl-over-slf4j/jars/jcl-over-slf4j-1.7.16.jar:/Users/crimson/Downloads/activator-dist-1.3.10/repository/com.typesafe.play/play-streams_2.11/2.5.0/jars/play-streams_2.11.jar:/Users/crimson/.ivy2/cache/org.reactivestreams/reactive-streams/jars/reactive-streams-1.0.0.jar:/Users/crimson/Downloads/activator-dist-1.3.10/repository/com.typesafe.akka/akka-stream_2.11/2.4.2/jars/akka-stream_2.11.jar:/Users/crimson/Downloads/activator-dist-1.3.10/repository/com.typesafe.akka/akka-actor_2.11/2.4.2/jars/akka-actor_2.11.jar:/Users/crimson/.ivy2/cache/org.scala-lang.modules/scala-java8-compat_2.11/bundles/scala-java8-compat_2.11-0.7.0.jar:/Users/crimson/Downloads/activator-dist-1.3.10/repository/com.typesafe/ssl-config-akka_2.11/0.1.3/bundles/ssl-config-akka_2.11.jar:/Users/crimson/Downloads/activator-dist-1.3.10/repository/com.typesafe/ssl-config-core_2.11/0.1.3/bundles/ssl-config-core_2.11.jar:/Users/crimson/.ivy2/cache/org.scala-lang.modules/scala-parser-combinators_2.11/bundles/scala-parser-combinators_2.11-1.0.4.jar:/Users/crimson/Downloads/activator-dist-1.3.10/repository/com.typesafe.akka/akka-slf4j_2.11/2.4.2/jars/akka-slf4j_2.11.jar:/Users/crimson/.ivy2/cache/commons-codec/commons-codec/jars/commons-codec-1.10.jar:/Users/crimson/.ivy2/cache/xerces/xercesImpl/jars/xercesImpl-2.11.0.jar:/Users/crimson/.ivy2/cache/xml-apis/xml-apis/jars/xml-apis-1.4.01.jar:/Users/crimson/.ivy2/cache/javax.transaction/jta/jars/jta-1.1.jar:/Users/crimson/.ivy2/cache/com.google.inject/guice/jars/guice-4.0.jar:/Users/crimson/.ivy2/cache/javax.inject/javax.inject/jars/javax.inject-1.jar:/Users/crimson/.ivy2/cache/aopalliance/aopalliance/jars/aopalliance-1.0.jar:/Users/crimson/.ivy2/cache/com.google.inject.extensions/guice-assistedinject/jars/guice-assistedinject-4.0.jar:/Users/crimson/Downloads/activator-dist-1.3.10/repository/com.typesafe.play/play-netty-server_2.11/2.5.0/jars/play-netty-server_2.11.jar:/Users/crimson/Downloads/activator-dist-1.3.10/repository/com.typesafe.netty/netty-reactive-streams-http/1.0.2/jars/netty-reactive-streams-http.jar:/Users/crimson/Downloads/activator-dist-1.3.10/repository/com.typesafe.netty/netty-reactive-streams/1.0.2/jars/netty-reactive-streams.jar:/Users/crimson/.ivy2/cache/io.netty/netty-transport-native-epoll/jars/netty-transport-native-epoll-4.0.33.Final.jar:/Users/crimson/.ivy2/cache/com.typesafe.play/play-logback_2.11/jars/play-logback_2.11-2.5.0.jar:/Users/crimson/Downloads/activator-dist-1.3.10/repository/ch.qos.logback/logback-core/1.1.4/jars/logback-core.jar:/Users/crimson/Downloads/activator-dist-1.3.10/repository/ch.qos.logback/logback-classic/1.1.4/jars/logback-classic.jar:/Users/crimson/.ivy2/cache/com.typesafe.play/play-jdbc_2.11/jars/play-jdbc_2.11-2.5.0.jar:/Users/crimson/.ivy2/cache/com.typesafe.play/play-jdbc-api_2.11/jars/play-jdbc-api_2.11-2.5.0.jar:/Users/crimson/.ivy2/cache/com.jolbox/bonecp/bundles/bonecp-0.8.0.RELEASE.jar:/Users/crimson/Downloads/activator-dist-1.3.10/repository/com.zaxxer/HikariCP/2.4.3/bundles/HikariCP.jar:/Users/crimson/.ivy2/cache/com.googlecode.usc/jdbcdslog/jars/jdbcdslog-1.0.6.2.jar:/Users/crimson/Downloads/activator-dist-1.3.10/repository/com.h2database/h2/1.4.191/jars/h2.jar:/Users/crimson/.ivy2/cache/tyrex/tyrex/jars/tyrex-1.0.1.jar:/Users/crimson/.ivy2/cache/com.typesafe.play/play-cache_2.11/jars/play-cache_2.11-2.5.0.jar:/Users/crimson/.ivy2/cache/net.sf.ehcache/ehcache-core/jars/ehcache-core-2.6.11.jar:/Users/crimson/Downloads/activator-dist-1.3.10/repository/com.typesafe.play/play-ws_2.11/2.5.0/jars/play-ws_2.11.jar:/Users/crimson/.ivy2/cache/com.google.guava/guava/bundles/guava-19.0.jar:/Users/crimson/Downloads/activator-dist-1.3.10/repository/org.asynchttpclient/async-http-client/2.0.0-RC9/jars/async-http-client.jar:/Users/crimson/Downloads/activator-dist-1.3.10/repository/io.netty/netty-codec-http/4.0.34.Final/jars/netty-codec-http.jar:/Users/crimson/Downloads/activator-dist-1.3.10/repository/io.netty/netty-codec/4.0.34.Final/jars/netty-codec.jar:/Users/crimson/Downloads/activator-dist-1.3.10/repository/io.netty/netty-transport/4.0.34.Final/jars/netty-transport.jar:/Users/crimson/Downloads/activator-dist-1.3.10/repository/io.netty/netty-buffer/4.0.34.Final/jars/netty-buffer.jar:/Users/crimson/Downloads/activator-dist-1.3.10/repository/io.netty/netty-common/4.0.34.Final/jars/netty-common.jar:/Users/crimson/Downloads/activator-dist-1.3.10/repository/io.netty/netty-handler/4.0.34.Final/jars/netty-handler.jar:/Users/crimson/Downloads/activator-dist-1.3.10/repository/org.asynchttpclient/netty-resolver-dns/2.0.0-RC9/jars/netty-resolver-dns.jar:/Users/crimson/Downloads/activator-dist-1.3.10/repository/org.asynchttpclient/netty-resolver/2.0.0-RC9/jars/netty-resolver.jar:/Users/crimson/Downloads/activator-dist-1.3.10/repository/org.asynchttpclient/netty-codec-dns/2.0.0-RC9/jars/netty-codec-dns.jar:/Users/crimson/.ivy2/cache/org.javassist/javassist/bundles/javassist-3.20.0-GA.jar:/Users/crimson/.ivy2/cache/oauth.signpost/signpost-core/jars/signpost-core-1.2.1.2.jar:/Users/crimson/.ivy2/cache/oauth.signpost/signpost-commonshttp4/jars/signpost-commonshttp4-1.2.1.2.jar:/Users/crimson/.ivy2/cache/com.typesafe.play/filters-helpers_2.11/jars/filters-helpers_2.11-2.5.0.jar:/Users/crimson/.ivy2/cache/com.typesafe.play/play-java_2.11/jars/play-java_2.11-2.5.0.jar:/Users/crimson/Downloads/activator-dist-1.3.10/repository/org.yaml/snakeyaml/1.16/bundles/snakeyaml.jar:/Users/crimson/Downloads/activator-dist-1.3.10/repository/org.hibernate/hibernate-validator/5.2.4.Final/jars/hibernate-validator.jar:/Users/crimson/.ivy2/cache/javax.validation/validation-api/jars/validation-api-1.1.0.Final.jar:/Users/crimson/Downloads/activator-dist-1.3.10/repository/org.jboss.logging/jboss-logging/3.2.1.Final/jars/jboss-logging.jar:/Users/crimson/Downloads/activator-dist-1.3.10/repository/com.fasterxml/classmate/1.1.0/bundles/classmate.jar:/Users/crimson/Downloads/activator-dist-1.3.10/repository/javax.el/javax.el-api/3.0.0/jars/javax.el-api.jar:/Users/crimson/Downloads/activator-dist-1.3.10/repository/org.springframework/spring-context/4.2.4.RELEASE/jars/spring-context.jar:/Users/crimson/Downloads/activator-dist-1.3.10/repository/org.springframework/spring-core/4.2.4.RELEASE/jars/spring-core.jar:/Users/crimson/Downloads/activator-dist-1.3.10/repository/org.springframework/spring-beans/4.2.4.RELEASE/jars/spring-beans.jar:/Users/crimson/Downloads/activator-dist-1.3.10/repository/org.reflections/reflections/0.9.10/jars/reflections.jar:/Users/crimson/Downloads/activator-dist-1.3.10/repository/net.jodah/typetools/0.4.4/bundles/typetools.jar:/Users/crimson/.ivy2/cache/com.google.code.findbugs/jsr305/jars/jsr305-3.0.1.jar:/Users/crimson/Downloads/activator-dist-1.3.10/repository/org.apache.tomcat/tomcat-servlet-api/8.0.32/jars/tomcat-servlet-api.jar:/Users/crimson/.ivy2/cache/org.mongodb.scala/mongo-scala-driver_2.11/jars/mongo-scala-driver_2.11-1.0.1.jar:/Users/crimson/.ivy2/cache/org.mongodb.scala/mongo-scala-bson_2.11/jars/mongo-scala-bson_2.11-1.0.1.jar:/Users/crimson/.ivy2/cache/org.mongodb/mongodb-driver-async/jars/mongodb-driver-async-3.1.0.jar:/Users/crimson/.ivy2/cache/org.mongodb/bson/jars/bson-3.1.0.jar:/Users/crimson/.ivy2/cache/org.mongodb/mongodb-driver-core/jars/mongodb-driver-core-3.1.0.jar:/Users/crimson/.ivy2/cache/com.github.t3hnar/scala-bcrypt_2.11/jars/scala-bcrypt_2.11-2.5.jar:/Users/crimson/.ivy2/cache/de.svenkubiak/jBCrypt/jars/jBCrypt-0.4.jar:/Users/crimson/.ivy2/cache/org.mockito/mockito-core/jars/mockito-core-1.10.19.jar:/Users/crimson/.ivy2/cache/org.objenesis/objenesis/jars/objenesis-2.1.jar:/Users/crimson/Downloads/activator-dist-1.3.10/repository/com.typesafe.play/play-test_2.11/2.5.0/jars/play-test_2.11.jar:/Users/crimson/.ivy2/cache/org.hamcrest/hamcrest-core/jars/hamcrest-core-1.3.jar:/Users/crimson/.ivy2/cache/com.novocode/junit-interface/jars/junit-interface-0.11.jar:/Users/crimson/Downloads/activator-dist-1.3.10/repository/junit/junit/4.11/jars/junit.jar:/Users/crimson/.ivy2/cache/org.scala-sbt/test-interface/jars/test-interface-1.0.jar:/Users/crimson/.ivy2/cache/net.sourceforge.htmlunit/htmlunit/jars/htmlunit-2.20.jar:/Users/crimson/.ivy2/cache/xalan/xalan/jars/xalan-2.7.2.jar:/Users/crimson/.ivy2/cache/xalan/serializer/jars/serializer-2.7.2.jar:/Users/crimson/.ivy2/cache/org.apache.httpcomponents/httpclient/jars/httpclient-4.5.2.jar:/Users/crimson/.ivy2/cache/org.apache.httpcomponents/httpcore/jars/httpcore-4.4.4.jar:/Users/crimson/.ivy2/cache/commons-logging/commons-logging/jars/commons-logging-1.2.jar:/Users/crimson/.ivy2/cache/org.apache.httpcomponents/httpmime/jars/httpmime-4.5.2.jar:/Users/crimson/.ivy2/cache/net.sourceforge.htmlunit/htmlunit-core-js/jars/htmlunit-core-js-2.17.jar:/Users/crimson/.ivy2/cache/net.sourceforge.nekohtml/nekohtml/jars/nekohtml-1.9.22.jar:/Users/crimson/.ivy2/cache/net.sourceforge.cssparser/cssparser/jars/cssparser-0.9.18.jar:/Users/crimson/.ivy2/cache/org.w3c.css/sac/jars/sac-1.3.jar:/Users/crimson/.ivy2/cache/commons-io/commons-io/jars/commons-io-2.4.jar:/Users/crimson/.ivy2/cache/org.eclipse.jetty.websocket/websocket-client/jars/websocket-client-9.2.15.v20160210.jar:/Users/crimson/.ivy2/cache/org.eclipse.jetty/jetty-util/jars/jetty-util-9.2.15.v20160210.jar:/Users/crimson/.ivy2/cache/org.eclipse.jetty/jetty-io/jars/jetty-io-9.2.15.v20160210.jar:/Users/crimson/.ivy2/cache/org.eclipse.jetty.websocket/websocket-common/jars/websocket-common-9.2.15.v20160210.jar:/Users/crimson/.ivy2/cache/org.eclipse.jetty.websocket/websocket-api/jars/websocket-api-9.2.15.v20160210.jar:/Users/crimson/.ivy2/cache/org.fluentlenium/fluentlenium-core/jars/fluentlenium-core-0.10.9.jar:/Users/crimson/.ivy2/cache/org.seleniumhq.selenium/selenium-java/jars/selenium-java-2.48.2.jar:/Users/crimson/.ivy2/cache/org.seleniumhq.selenium/selenium-chrome-driver/jars/selenium-chrome-driver-2.48.2.jar:/Users/crimson/.ivy2/cache/org.seleniumhq.selenium/selenium-remote-driver/jars/selenium-remote-driver-2.48.2.jar:/Users/crimson/.ivy2/cache/cglib/cglib-nodep/jars/cglib-nodep-2.1_3.jar:/Users/crimson/.ivy2/cache/com.google.code.gson/gson/jars/gson-2.3.1.jar:/Users/crimson/.ivy2/cache/org.seleniumhq.selenium/selenium-api/jars/selenium-api-2.48.2.jar:/Users/crimson/.ivy2/cache/org.apache.commons/commons-exec/jars/commons-exec-1.3.jar:/Users/crimson/.ivy2/cache/net.java.dev.jna/jna/jars/jna-4.1.0.jar:/Users/crimson/.ivy2/cache/net.java.dev.jna/jna-platform/jars/jna-platform-4.1.0.jar:/Users/crimson/.ivy2/cache/org.seleniumhq.selenium/selenium-edge-driver/jars/selenium-edge-driver-2.48.2.jar:/Users/crimson/.ivy2/cache/org.seleniumhq.selenium/selenium-htmlunit-driver/jars/selenium-htmlunit-driver-2.48.2.jar:/Users/crimson/.ivy2/cache/org.seleniumhq.selenium/selenium-support/jars/selenium-support-2.48.2.jar:/Users/crimson/.ivy2/cache/org.seleniumhq.selenium/selenium-firefox-driver/jars/selenium-firefox-driver-2.48.2.jar:/Users/crimson/.ivy2/cache/org.seleniumhq.selenium/selenium-ie-driver/jars/selenium-ie-driver-2.48.2.jar:/Users/crimson/.ivy2/cache/org.seleniumhq.selenium/selenium-safari-driver/jars/selenium-safari-driver-2.48.2.jar:/Users/crimson/.ivy2/cache/org.webbitserver/webbit/jars/webbit-0.4.14.jar:/Users/crimson/.ivy2/cache/io.netty/netty/bundles/netty-3.5.2.Final.jar:/Users/crimson/.ivy2/cache/org.seleniumhq.selenium/selenium-leg-rc/jars/selenium-leg-rc-2.48.2.jar:/Users/crimson/.ivy2/cache/org.scalatestplus.play/scalatestplus-play_2.11/jars/scalatestplus-play_2.11-1.5.0.jar:/Users/crimson/.ivy2/cache/org.scalatest/scalatest_2.11/bundles/scalatest_2.11-2.2.6.jar:/Users/crimson/.ivy2/cache/org.scala-lang.modules/scala-xml_2.11/bundles/scala-xml_2.11-1.0.2.jar
Scala compilation took 2.929557627 s
Invalidating /Users/crimson/IdeaProjects/gurps_combat_helper_online/src/scala-backend/test/CharlistControllerSpec.scala...
Invalidating (transitively) by inheritance from /Users/crimson/IdeaProjects/gurps_combat_helper_online/src/scala-backend/test/CharlistControllerSpec.scala...
Initial set of included nodes: Set(/Users/crimson/IdeaProjects/gurps_combat_helper_online/src/scala-backend/test/CharlistControllerSpec.scala)
Invalidated by transitive inheritance dependency: Set(/Users/crimson/IdeaProjects/gurps_combat_helper_online/src/scala-backend/test/CharlistControllerSpec.scala)
The /Users/crimson/IdeaProjects/gurps_combat_helper_online/src/scala-backend/test/CharlistControllerSpec.scala source file has the following implicit definitions changed:
	convertToStringMustWrapper, convertToStringCanWrapper, convertToWordSpecStringWrapper, convertNumericToPlusOrMinusWrapper, convertToAnyMustWrapper, convertToEqualizer, subjectWithAfterWordRegistrationFunction, convertOptionToValuable, convertToRegexWrapper, unconstrainedEquality, convertToStringShouldWrapper, convertSymbolToHavePropertyMatcherGenerator, subjectRegistrationFunction.
All member reference dependencies will be considered within this context.
Invalidating /Users/crimson/IdeaProjects/GGMTools/test/CharlistControllerSpec.scala...
Invalidating (transitively) by inheritance from /Users/crimson/IdeaProjects/GGMTools/test/CharlistControllerSpec.scala...
Initial set of included nodes: Set(/Users/crimson/IdeaProjects/GGMTools/test/CharlistControllerSpec.scala)
Invalidated by transitive inheritance dependency: Set(/Users/crimson/IdeaProjects/GGMTools/test/CharlistControllerSpec.scala)
The /Users/crimson/IdeaProjects/GGMTools/test/CharlistControllerSpec.scala source file has the following implicit definitions changed:
	convertToStringMustWrapper, convertToStringCanWrapper, convertToWordSpecStringWrapper, convertNumericToPlusOrMinusWrapper, convertToAnyMustWrapper, convertToEqualizer, subjectWithAfterWordRegistrationFunction, convertOptionToValuable, convertToRegexWrapper, unconstrainedEquality, convertToStringShouldWrapper, convertSymbolToHavePropertyMatcherGenerator, subjectRegistrationFunction.
All member reference dependencies will be considered within this context.
New invalidations:
	Set()
Initial set of included nodes: Set()
Previously invalidated, but (transitively) depend on new invalidations:
	Set()
All newly invalidated sources after taking into account (previously) recompiled sources:Set()
Copy resource mappings: 
	(/Users/crimson/IdeaProjects/gurps_combat_helper_online/src/scala-backend/target/web/public/test/public,/Users/crimson/IdeaProjects/gurps_combat_helper_online/src/scala-backend/target/scala-2.11/test-classes/public)
	(/Users/crimson/IdeaProjects/gurps_combat_helper_online/src/scala-backend/target/web/public/test/public/images,/Users/crimson/IdeaProjects/gurps_combat_helper_online/src/scala-backend/target/scala-2.11/test-classes/public/images)
	(/Users/crimson/IdeaProjects/gurps_combat_helper_online/src/scala-backend/target/web/public/test/public/javascripts,/Users/crimson/IdeaProjects/gurps_combat_helper_online/src/scala-backend/target/scala-2.11/test-classes/public/javascripts)
	(/Users/crimson/IdeaProjects/gurps_combat_helper_online/src/scala-backend/target/web/public/test/public/lib,/Users/crimson/IdeaProjects/gurps_combat_helper_online/src/scala-backend/target/scala-2.11/test-classes/public/lib)
	(/Users/crimson/IdeaProjects/gurps_combat_helper_online/src/scala-backend/target/web/public/test/public/stylesheets,/Users/crimson/IdeaProjects/gurps_combat_helper_online/src/scala-backend/target/scala-2.11/test-classes/public/stylesheets)
	(/Users/crimson/IdeaProjects/gurps_combat_helper_online/src/scala-backend/target/web/public/test/public/images/favicon.png,/Users/crimson/IdeaProjects/gurps_combat_helper_online/src/scala-backend/target/scala-2.11/test-classes/public/images/favicon.png)
	(/Users/crimson/IdeaProjects/gurps_combat_helper_online/src/scala-backend/target/web/public/test/public/javascripts/jquery-1.9.0.min.js,/Users/crimson/IdeaProjects/gurps_combat_helper_online/src/scala-backend/target/scala-2.11/test-classes/public/javascripts/jquery-1.9.0.min.js)
	(/Users/crimson/IdeaProjects/gurps_combat_helper_online/src/scala-backend/target/web/public/test/public/lib/ismet-scalongo-seed,/Users/crimson/IdeaProjects/gurps_combat_helper_online/src/scala-backend/target/scala-2.11/test-classes/public/lib/ismet-scalongo-seed)
	(/Users/crimson/IdeaProjects/gurps_combat_helper_online/src/scala-backend/target/web/public/test/public/stylesheets/main.css,/Users/crimson/IdeaProjects/gurps_combat_helper_online/src/scala-backend/target/scala-2.11/test-classes/public/stylesheets/main.css)
Framework implementation 'org.scalacheck.ScalaCheckFramework' not present.
Framework implementation 'org.specs2.runner.Specs2Framework' not present.
Framework implementation 'org.specs2.runner.SpecsFramework' not present.
Framework implementation 'org.specs.runner.SpecsFramework' not present.
Subclass fingerprints: List((org.scalatest.Suite,false,org.scalatest.tools.Framework$$anon$1@2c62082b), (junit.framework.TestCase,false,com.novocode.junit.JUnit3Fingerprint@64cc36db))
Annotation fingerprints: List((org.scalatest.WrapWith,false,org.scalatest.tools.Framework$$anon$2@ffe4033), (org.junit.runner.RunWith,false,com.novocode.junit.RunWithFingerprint@a01d5f9), (org.junit.Test,false,com.novocode.junit.JUnitFingerprint@6ac8bfb))
Forking tests - parallelism = false
Create a single-thread test executor
Runner for org.scalatest.tools.Framework produced 1 initial tasks for 1 tests.
  Running TaskDef(CharlistControllerSpec, sbt.ForkMain$SubclassFingerscan@916fc4f, false, [SuiteSelector])
Read from stdout: CharlistControllerSpec:
CharlistControllerSpec:
Read from stdout: CharlistController#post
CharlistController#post
Read from stdout: - should send OK on request with valid charlist json *** FAILED ***
- should send OK on request with valid charlist json *** FAILED ***
Read from stdout: Expected 200, but got 400 (CharlistControllerSpec.scala:33)
  Expected 200, but got 400 (CharlistControllerSpec.scala:33)
Read from stdout: CharlistController#post
CharlistController#post
Read from stdout: - should send BAD_REQUEST on request with invalid charlist json
- should send BAD_REQUEST on request with invalid charlist json
    Produced 0 nested tasks and 2 events.
Runner for com.novocode.junit.JUnitFramework produced 0 initial tasks for 0 tests.
Read from stdout: ScalaTest
ScalaTest
Read from stdout: Run completed in 2 seconds, 999 milliseconds.
Read from stdout: Total number of tests run: 2
Read from stdout: Suites: completed 1, aborted 0
Read from stdout: Tests: succeeded 1, failed 1, canceled 0, ignored 0, pending 0
Read from stdout: *** 1 TEST FAILED ***
Run completed in 2 seconds, 999 milliseconds.
Total number of tests run: 2
Suites: completed 1, aborted 0
Tests: succeeded 1, failed 1, canceled 0, ignored 0, pending 0
*** 1 TEST FAILED ***
Summary for JUnit not available.
Read from stdout: Failed: Total 2, Failed 1, Errors 0, Passed 1
Failed: Total 2, Failed 1, Errors 0, Passed 1
Read from stdout: Failed tests:
Failed tests:
Read from stdout: 	CharlistControllerSpec
	CharlistControllerSpec
Read from stdout: (test:test) sbt.TestsFailedException: Tests unsuccessful
(test:test) sbt.TestsFailedException: Tests unsuccessful
Total time: 8 s, completed Oct 3, 2016 12:59:23 AM
> server-post-command-error-handler
> server-post-command-cleanup
> server-handle-next-server-request
Done executing sbt server engine, result Right(Exit(0))
Closing listening server socket
Waiting for socket thread
Waiting for request processor thread
Waiting for command engine result
Returning control to sbt launcher with result Exit(0)
Closing the 1282@Crimson-MacBook.local logs at Mon Oct 03 01:00:58 EEST 2016, goodbye.
